Der Buildvorgang wurde am 07.04.2016 02:11:03 gestartet.
     1>Projekt "C:\Users\flori_000\Documents\Visual Studio 2013\Projects\Space-Riddle\VektoriaApp\VektoriaApp.vcxproj" auf Knoten "2", Build Ziel(e).
     1>ClCompile:
         C:\Program Files (x86)\Microsoft Visual Studio 12.0\VC\bin\CL.exe /c /ZI /nologo /W3 /WX- /Od /Oy- /D _MBCS /D _MBCS /D _DEBUG /Gm /EHsc /MDd /GS /fp:precise /Zc:wchar_t /Zc:forScope /Fo"Debug\\" /Fd"Debug\vc120.pdb" /Gd /TP /analyze- /errorReport:prompt Game.cpp Meteorit.cpp stdafx.cpp TastaturGER.cpp TextOutput.cpp VektoriaApp.cpp
         VektoriaApp.cpp
     1>c1xx : fatal error C1083: Datei (Quelle) kann nicht geöffnet werden: "VektoriaApp.cpp": No such file or directory
         TextOutput.cpp
     1>c:\users\flori_000\documents\visual studio 2013\projects\space-riddle\vektoriaapp\textoutput.cpp(46): warning C4996: 'strcpy': This function or variable may be unsafe. Consider using strcpy_s instead. To disable deprecation, use _CRT_SECURE_NO_WARNINGS. See online help for details.
                 c:\program files (x86)\microsoft visual studio 12.0\vc\include\string.h(112): Siehe Deklaration von 'strcpy'
         TastaturGER.cpp
     1>c:\users\flori_000\documents\visual studio 2013\projects\space-riddle\vektoriaapp\tastaturger.cpp(145): warning C4996: 'strcpy': This function or variable may be unsafe. Consider using strcpy_s instead. To disable deprecation, use _CRT_SECURE_NO_WARNINGS. See online help for details.
                 c:\program files (x86)\microsoft visual studio 12.0\vc\include\string.h(112): Siehe Deklaration von 'strcpy'
     1>c:\users\flori_000\documents\visual studio 2013\projects\space-riddle\vektoriaapp\tastaturger.cpp(174): warning C4800: 'SHORT': Variable wird auf booleschen Wert ('True' oder 'False') gesetzt (Auswirkungen auf Leistungsverhalten möglich)
     1>c:\users\flori_000\documents\visual studio 2013\projects\space-riddle\vektoriaapp\tastaturger.cpp(175): warning C4800: 'SHORT': Variable wird auf booleschen Wert ('True' oder 'False') gesetzt (Auswirkungen auf Leistungsverhalten möglich)
     1>c:\users\flori_000\documents\visual studio 2013\projects\space-riddle\vektoriaapp\tastaturger.cpp(316): warning C4996: 'strcpy': This function or variable may be unsafe. Consider using strcpy_s instead. To disable deprecation, use _CRT_SECURE_NO_WARNINGS. See online help for details.
                 c:\program files (x86)\microsoft visual studio 12.0\vc\include\string.h(112): Siehe Deklaration von 'strcpy'
     1>c:\users\flori_000\documents\visual studio 2013\projects\space-riddle\vektoriaapp\tastaturger.cpp(327): warning C4996: 'strcpy': This function or variable may be unsafe. Consider using strcpy_s instead. To disable deprecation, use _CRT_SECURE_NO_WARNINGS. See online help for details.
                 c:\program files (x86)\microsoft visual studio 12.0\vc\include\string.h(112): Siehe Deklaration von 'strcpy'
         stdafx.cpp
         Meteorit.cpp
     1>c:\users\flori_000\documents\visual studio 2013\projects\space-riddle\vektoriaapp\meteorit.cpp(5): warning C4244: 'Argument': Konvertierung von 'time_t' in 'unsigned int', möglicher Datenverlust
     1>c:\users\flori_000\documents\visual studio 2013\projects\space-riddle\vektoriaapp\meteorit.cpp(16): warning C4244: 'Argument': Konvertierung von 'double' in 'int', möglicher Datenverlust
     1>c:\users\flori_000\documents\visual studio 2013\projects\space-riddle\vektoriaapp\meteorit.cpp(22): warning C4244: 'Initialisierung': Konvertierung von 'int' in 'float', möglicher Datenverlust
     1>c:\users\flori_000\documents\visual studio 2013\projects\space-riddle\vektoriaapp\meteorit.cpp(23): warning C4244: 'Initialisierung': Konvertierung von 'int' in 'float', möglicher Datenverlust
     1>c:\users\flori_000\documents\visual studio 2013\projects\space-riddle\vektoriaapp\meteorit.cpp(24): warning C4244: 'Initialisierung': Konvertierung von 'int' in 'float', möglicher Datenverlust
         Game.cpp
         Code wird generiert...
     1>Die Erstellung des Projekts "C:\Users\flori_000\Documents\Visual Studio 2013\Projects\Space-Riddle\VektoriaApp\VektoriaApp.vcxproj" ist abgeschlossen, Build Ziel(e) -- FEHLER.

Fehler beim Buildvorgang.

Verstrichene Zeit 00:00:02.91
