****************
Vektoria-Logfile

****************
Ok:    DirectSound initialized
Ok:    Hierarchy checked.
Debug: AntwortB
Warn:  Tried to detach child node from non-existent parent node.
Warn:  Tried to detach child node from non-existent parent node.
Warn:  Tried to detach child node from non-existent parent node.
Warn:  Tried to detach child node from non-existent parent node.
Warn:  Tried to detach child node from non-existent parent node.
Warn:  Tried to detach child node from non-existent parent node.
Warn:  Tried to detach child node from non-existent parent node.
Warn:  Tried to detach child node from non-existent parent node.
Warn:  Tried to detach child node from non-existent parent node.
Warn:  Tried to detach child node from non-existent parent node.
Warn:  Tried to detach child node from non-existent parent node.
Warn:  Tried to detach child node from non-existent parent node.
Warn:  Tried to detach child node from non-existent parent node.
Warn:  Tried to detach child node from non-existent parent node.
Warn:  Tried to detach child node from non-existent parent node.
Warn:  Tried to detach child node from non-existent parent node.
Warn:  Tried to detach child node from non-existent parent node.
Warn:  Tried to detach child node from non-existent parent node.
Warn:  Tried to detach child node from non-existent parent node.
Warn:  Tried to detach child node from non-existent parent node.
Warn:  Tried to detach child node from non-existent parent node.
Warn:  Tried to detach child node from non-existent parent node.
Warn:  Tried to detach child node from non-existent parent node.
Warn:  Tried to detach child node from non-existent parent node.
Warn:  Tried to detach child node from non-existent parent node.
Warn:  Tried to detach child node from non-existent parent node.
Warn:  Tried to detach child node from non-existent parent node.
Warn:  Tried to detach child node from non-existent parent node.
Warn:  Tried to detach child node from non-existent parent node.
Warn:  Tried to detach child node from non-existent parent node.
Warn:  Tried to detach child node from non-existent parent node.
Warn:  Tried to detach child node from non-existent parent node.
Warn:  Tried to detach child node from non-existent parent node.
Warn:  Tried to detach child node from non-existent parent node.
Warn:  Tried to detach child node from non-existent parent node.
Warn:  Tried to detach child node from non-existent parent node.
Warn:  Tried to detach child node from non-existent parent node.
Warn:  Tried to detach child node from non-existent parent node.
Warn:  Tried to detach child node from non-existent parent node.
Warn:  Tried to detach child node from non-existent parent node.
Warn:  Tried to detach child node from non-existent parent node.
Warn:  Tried to detach child node from non-existent parent node.
Warn:  Tried to detach child node from non-existent parent node.
Warn:  Tried to detach child node from non-existent parent node.
Warn:  Tried to detach child node from non-existent parent node.
Warn:  Tried to detach child node from non-existent parent node.
Warn:  Tried to detach child node from non-existent parent node.
Warn:  Tried to detach child node from non-existent parent node.
Warn:  Tried to detach child node from non-existent parent node.
Warn:  Tried to detach child node from non-existent parent node.
Warn:  Tried to detach child node from non-existent parent node.
Warn:  Tried to detach child node from non-existent parent node.
Warn:  Tried to detach child node from non-existent parent node.
Warn:  Tried to detach child node from non-existent parent node.
Warn:  Tried to detach child node from non-existent parent node.
Warn:  Tried to detach child node from non-existent parent node.
Warn:  Tried to detach child node from non-existent parent node.
Warn:  Tried to detach child node from non-existent parent node.
Warn:  Tried to detach child node from non-existent parent node.
Warn:  Tried to detach child node from non-existent parent node.
Warn:  Tried to detach child node from non-existent parent node.
Warn:  Tried to detach child node from non-existent parent node.
Warn:  Tried to detach child node from non-existent parent node.
Warn:  Tried to detach child node from non-existent parent node.
Warn:  Tried to detach child node from non-existent parent node.
Warn:  Tried to detach child node from non-existent parent node.
Warn:  Tried to detach child node from non-existent parent node.
Warn:  Tried to detach child node from non-existent parent node.
Warn:  Tried to detach child node from non-existent parent node.
Warn:  Tried to detach child node from non-existent parent node.
Warn:  Tried to detach child node from non-existent parent node.
Warn:  Tried to detach child node from non-existent parent node.
Warn:  Tried to detach child node from non-existent parent node.
Warn:  Tried to detach child node from non-existent parent node.
Warn:  Tried to detach child node from non-existent parent node.
Warn:  Tried to detach child node from non-existent parent node.
Warn:  Tried to detach child node from non-existent parent node.
Warn:  Tried to detach child node from non-existent parent node.
Warn:  Tried to detach child node from non-existent parent node.
Warn:  Tried to detach child node from non-existent parent node.
Warn:  Tried to detach child node from non-existent parent node.
Warn:  Tried to detach child node from non-existent parent node.
Warn:  Tried to detach child node from non-existent parent node.
Warn:  Tried to detach child node from non-existent parent node.
Warn:  Tried to detach child node from non-existent parent node.
Warn:  Tried to detach child node from non-existent parent node.
Warn:  Tried to detach child node from non-existent parent node.
Warn:  Tried to detach child node from non-existent parent node.
Warn:  Tried to detach child node from non-existent parent node.
Warn:  Tried to detach child node from non-existent parent node.
Warn:  Tried to detach child node from non-existent parent node.
Warn:  Tried to detach child node from non-existent parent node.
Warn:  Tried to detach child node from non-existent parent node.
Warn:  Tried to detach child node from non-existent parent node.
Warn:  Tried to detach child node from non-existent parent node.
Warn:  Tried to detach child node from non-existent parent node.
Warn:  Tried to detach child node from non-existent parent node.
Warn:  Tried to detach child node from non-existent parent node.
Warn:  Tried to detach child node from non-existent parent node.
Warn:  Tried to detach child node from non-existent parent node.
Warn:  Tried to detach child node from non-existent parent node.
Warn:  Tried to detach child node from non-existent parent node.
Warn:  Tried to detach child node from non-existent parent node.
Warn:  Tried to detach child node from non-existent parent node.
Warn:  Tried to detach child node from non-existent parent node.
Warn:  Tried to detach child node from non-existent parent node.
Warn:  Tried to detach child node from non-existent parent node.
Warn:  Tried to detach child node from non-existent parent node.
Warn:  Tried to detach child node from non-existent parent node.
Warn:  Tried to detach child node from non-existent parent node.
Warn:  Tried to detach child node from non-existent parent node.
Warn:  Tried to detach child node from non-existent parent node.
Warn:  Tried to detach child node from non-existent parent node.
Warn:  Tried to detach child node from non-existent parent node.
Warn:  Tried to detach child node from non-existent parent node.
Warn:  Tried to detach child node from non-existent parent node.
Warn:  Tried to detach child node from non-existent parent node.
Warn:  Tried to detach child node from non-existent parent node.
Warn:  Tried to detach child node from non-existent parent node.
Warn:  Tried to detach child node from non-existent parent node.
Warn:  Tried to detach child node from non-existent parent node.
Warn:  Tried to detach child node from non-existent parent node.
Warn:  Tried to detach child node from non-existent parent node.
Warn:  Tried to detach child node from non-existent parent node.
Warn:  Tried to detach child node from non-existent parent node.
Warn:  Tried to detach child node from non-existent parent node.
Warn:  Tried to detach child node from non-existent parent node.
Warn:  Tried to detach child node from non-existent parent node.
Warn:  Tried to detach child node from non-existent parent node.
Warn:  Tried to detach child node from non-existent parent node.
Warn:  Tried to detach child node from non-existent parent node.
Warn:  Tried to detach child node from non-existent parent node.
Warn:  Tried to detach child node from non-existent parent node.
Warn:  Tried to detach child node from non-existent parent node.
Warn:  Tried to detach child node from non-existent parent node.
Warn:  Tried to detach child node from non-existent parent node.
Warn:  Tried to detach child node from non-existent parent node.
Warn:  Tried to detach child node from non-existent parent node.
Warn:  Tried to detach child node from non-existent parent node.
Warn:  Tried to detach child node from non-existent parent node.
Warn:  Tried to detach child node from non-existent parent node.
Warn:  Tried to detach child node from non-existent parent node.
Warn:  Tried to detach child node from non-existent parent node.
Warn:  Tried to detach child node from non-existent parent node.
Warn:  Tried to detach child node from non-existent parent node.
Warn:  Tried to detach child node from non-existent parent node.
Warn:  Tried to detach child node from non-existent parent node.
Warn:  Tried to detach child node from non-existent parent node.
Warn:  Tried to detach child node from non-existent parent node.
Warn:  Tried to detach child node from non-existent parent node.
Warn:  Tried to detach child node from non-existent parent node.
Warn:  Tried to detach child node from non-existent parent node.
Warn:  Tried to detach child node from non-existent parent node.
Warn:  Tried to detach child node from non-existent parent node.
Warn:  Tried to detach child node from non-existent parent node.
Warn:  Tried to detach child node from non-existent parent node.
Warn:  Tried to detach child node from non-existent parent node.
Warn:  Tried to detach child node from non-existent parent node.
Warn:  Tried to detach child node from non-existent parent node.
Warn:  Tried to detach child node from non-existent parent node.
Warn:  Tried to detach child node from non-existent parent node.
Warn:  Tried to detach child node from non-existent parent node.
Warn:  Tried to detach child node from non-existent parent node.
Warn:  Tried to detach child node from non-existent parent node.
Warn:  Tried to detach child node from non-existent parent node.
Warn:  Tried to detach child node from non-existent parent node.
Warn:  Tried to detach child node from non-existent parent node.
Warn:  Tried to detach child node from non-existent parent node.
Warn:  Tried to detach child node from non-existent parent node.
Warn:  Tried to detach child node from non-existent parent node.
Warn:  Tried to detach child node from non-existent parent node.
Warn:  Tried to detach child node from non-existent parent node.
Warn:  Tried to detach child node from non-existent parent node.
Warn:  Tried to detach child node from non-existent parent node.
Warn:  Tried to detach child node from non-existent parent node.
Warn:  Tried to detach child node from non-existent parent node.
Warn:  Tried to detach child node from non-existent parent node.
Warn:  Tried to detach child node from non-existent parent node.
Warn:  Tried to detach child node from non-existent parent node.
Warn:  Tried to detach child node from non-existent parent node.
Warn:  Tried to detach child node from non-existent parent node.
Warn:  Tried to detach child node from non-existent parent node.
Warn:  Tried to detach child node from non-existent parent node.
Warn:  Tried to detach child node from non-existent parent node.
Warn:  Tried to detach child node from non-existent parent node.
Warn:  Tried to detach child node from non-existent parent node.
Warn:  Tried to detach child node from non-existent parent node.
Warn:  Tried to detach child node from non-existent parent node.
Warn:  Tried to detach child node from non-existent parent node.
Warn:  Tried to detach child node from non-existent parent node.
Warn:  Tried to detach child node from non-existent parent node.
Warn:  Tried to detach child node from non-existent parent node.
Warn:  Tried to detach child node from non-existent parent node.
Warn:  Tried to detach child node from non-existent parent node.
Warn:  Tried to detach child node from non-existent parent node.
Warn:  Tried to detach child node from non-existent parent node.
Warn:  Tried to detach child node from non-existent parent node.
Warn:  Tried to detach child node from non-existent parent node.
Warn:  Tried to detach child node from non-existent parent node.
Warn:  Tried to detach child node from non-existent parent node.
Warn:  Tried to detach child node from non-existent parent node.
Warn:  Tried to detach child node from non-existent parent node.
Warn:  Tried to detach child node from non-existent parent node.
Warn:  Tried to detach child node from non-existent parent node.
Warn:  Tried to detach child node from non-existent parent node.
Warn:  Tried to detach child node from non-existent parent node.
Warn:  Tried to detach child node from non-existent parent node.
Warn:  Tried to detach child node from non-existent parent node.
Warn:  Tried to detach child node from non-existent parent node.
Warn:  Tried to detach child node from non-existent parent node.
Warn:  Tried to detach child node from non-existent parent node.
Warn:  Tried to detach child node from non-existent parent node.
Warn:  Tried to detach child node from non-existent parent node.
Warn:  Tried to detach child node from non-existent parent node.
Warn:  Tried to detach child node from non-existent parent node.
Warn:  Tried to detach child node from non-existent parent node.
Warn:  Tried to detach child node from non-existent parent node.
Warn:  Tried to detach child node from non-existent parent node.
Warn:  Tried to detach child node from non-existent parent node.
Warn:  Tried to detach child node from non-existent parent node.
Warn:  Tried to detach child node from non-existent parent node.
Warn:  Tried to detach child node from non-existent parent node.
Warn:  Tried to detach child node from non-existent parent node.
Warn:  Tried to detach child node from non-existent parent node.
Warn:  Tried to detach child node from non-existent parent node.
Warn:  Tried to detach child node from non-existent parent node.
Warn:  Tried to detach child node from non-existent parent node.
Warn:  Tried to detach child node from non-existent parent node.
Warn:  Tried to detach child node from non-existent parent node.
Warn:  Tried to detach child node from non-existent parent node.
Warn:  Tried to detach child node from non-existent parent node.
Warn:  Tried to detach child node from non-existent parent node.
Warn:  Tried to detach child node from non-existent parent node.
Warn:  Tried to detach child node from non-existent parent node.
Warn:  Tried to detach child node from non-existent parent node.
Warn:  Tried to detach child node from non-existent parent node.
Warn:  Tried to detach child node from non-existent parent node.
Warn:  Tried to detach child node from non-existent parent node.
Warn:  Tried to detach child node from non-existent parent node.
Warn:  Tried to detach child node from non-existent parent node.
Warn:  Tried to detach child node from non-existent parent node.
Warn:  Tried to detach child node from non-existent parent node.
Warn:  Tried to detach child node from non-existent parent node.
Warn:  Tried to detach child node from non-existent parent node.
Warn:  Tried to detach child node from non-existent parent node.
Warn:  Tried to detach child node from non-existent parent node.
Warn:  Tried to detach child node from non-existent parent node.
Warn:  Tried to detach child node from non-existent parent node.
Warn:  Tried to detach child node from non-existent parent node.
Warn:  Tried to detach child node from non-existent parent node.
Warn:  Tried to detach child node from non-existent parent node.
Warn:  Tried to detach child node from non-existent parent node.
Warn:  Tried to detach child node from non-existent parent node.
Warn:  Tried to detach child node from non-existent parent node.
Warn:  Tried to detach child node from non-existent parent node.
Warn:  Tried to detach child node from non-existent parent node.
Warn:  Tried to detach child node from non-existent parent node.
Warn:  Tried to detach child node from non-existent parent node.
Warn:  Tried to detach child node from non-existent parent node.
Warn:  Tried to detach child node from non-existent parent node.
Warn:  Tried to detach child node from non-existent parent node.
Warn:  Tried to detach child node from non-existent parent node.
Warn:  Tried to detach child node from non-existent parent node.
Warn:  Tried to detach child node from non-existent parent node.
Warn:  Tried to detach child node from non-existent parent node.
Warn:  Tried to detach child node from non-existent parent node.
Warn:  Tried to detach child node from non-existent parent node.
Warn:  Tried to detach child node from non-existent parent node.
Warn:  Tried to detach child node from non-existent parent node.
Warn:  Tried to detach child node from non-existent parent node.
Warn:  Tried to detach child node from non-existent parent node.
Warn:  Tried to detach child node from non-existent parent node.
Warn:  Tried to detach child node from non-existent parent node.
Warn:  Tried to detach child node from non-existent parent node.
Warn:  Tried to detach child node from non-existent parent node.
Warn:  Tried to detach child node from non-existent parent node.
Warn:  Tried to detach child node from non-existent parent node.
Warn:  Tried to detach child node from non-existent parent node.
Warn:  Tried to detach child node from non-existent parent node.
Warn:  Tried to detach child node from non-existent parent node.
Warn:  Tried to detach child node from non-existent parent node.
Warn:  Tried to detach child node from non-existent parent node.
Warn:  Tried to detach child node from non-existent parent node.
Warn:  Tried to detach child node from non-existent parent node.
Warn:  Tried to detach child node from non-existent parent node.
Warn:  Tried to detach child node from non-existent parent node.
Warn:  Tried to detach child node from non-existent parent node.
Warn:  Tried to detach child node from non-existent parent node.
Warn:  Tried to detach child node from non-existent parent node.
Warn:  Tried to detach child node from non-existent parent node.
Warn:  Tried to detach child node from non-existent parent node.
Warn:  Tried to detach child node from non-existent parent node.
Warn:  Tried to detach child node from non-existent parent node.
Warn:  Tried to detach child node from non-existent parent node.
Warn:  Tried to detach child node from non-existent parent node.
Warn:  Tried to detach child node from non-existent parent node.
Warn:  Tried to detach child node from non-existent parent node.
Warn:  Tried to detach child node from non-existent parent node.
Warn:  Tried to detach child node from non-existent parent node.
Warn:  Tried to detach child node from non-existent parent node.
Warn:  Tried to detach child node from non-existent parent node.
Warn:  Tried to detach child node from non-existent parent node.
Warn:  Tried to detach child node from non-existent parent node.
Warn:  Tried to detach child node from non-existent parent node.
Warn:  Tried to detach child node from non-existent parent node.
Warn:  Tried to detach child node from non-existent parent node.
Warn:  Tried to detach child node from non-existent parent node.
Warn:  Tried to detach child node from non-existent parent node.
Warn:  Tried to detach child node from non-existent parent node.
Warn:  Tried to detach child node from non-existent parent node.
Warn:  Tried to detach child node from non-existent parent node.
Warn:  Tried to detach child node from non-existent parent node.
Warn:  Tried to detach child node from non-existent parent node.
Warn:  Tried to detach child node from non-existent parent node.
Warn:  Tried to detach child node from non-existent parent node.
Warn:  Tried to detach child node from non-existent parent node.
Warn:  Tried to detach child node from non-existent parent node.
Warn:  Tried to detach child node from non-existent parent node.
Warn:  Tried to detach child node from non-existent parent node.
Warn:  Tried to detach child node from non-existent parent node.
Warn:  Tried to detach child node from non-existent parent node.
Warn:  Tried to detach child node from non-existent parent node.
Warn:  Tried to detach child node from non-existent parent node.
Warn:  Tried to detach child node from non-existent parent node.
Warn:  Tried to detach child node from non-existent parent node.
Warn:  Tried to detach child node from non-existent parent node.
Warn:  Tried to detach child node from non-existent parent node.
Warn:  Tried to detach child node from non-existent parent node.
Warn:  Tried to detach child node from non-existent parent node.
Warn:  Tried to detach child node from non-existent parent node.
Warn:  Tried to detach child node from non-existent parent node.
