Der Buildvorgang wurde am 07.06.2016 15:48:06 gestartet.
     1>Projekt "C:\Users\flori_000\Documents\Visual Studio 2013\Projects\Space-Riddle\VektoriaApp\VektoriaApp.vcxproj" auf Knoten "2", Build Ziel(e).
     1>ClCompile:
         C:\Program Files (x86)\Microsoft Visual Studio 12.0\VC\bin\CL.exe /c /Zi /nologo /W3 /WX- /O2 /Oi /Oy- /GL /D _MBCS /Gm- /EHsc /MD /GS /Gy /fp:precise /Zc:wchar_t /Zc:forScope /Fo"Release\\" /Fd"Release\vc120.pdb" /Gd /TP /analyze- /errorReport:prompt CameraController.cpp Explorer.cpp ExplorerProfil.cpp FileFinder.cpp FileHandler.cpp FileReader.cpp FileWriter.cpp Fog.cpp Frage.cpp FrageGrafik.cpp FrageMulti.cpp FragenHandler.cpp FrageText.cpp Game.cpp Hitbox.cpp LightTunnel.cpp LLAnzeige.cpp MainMenu.cpp Maus.cpp Meteorit.cpp Raumschiff.cpp SceneHandler.cpp SkyDome.cpp Sound.cpp stdafx.cpp Steuerung.cpp StringToChar.cpp TastaturGER.cpp TextOutput.cpp VektoriaApp.cpp
         CameraController.cpp
         Explorer.cpp
     1>Explorer.cpp(176): warning C4996: 'strcpy': This function or variable may be unsafe. Consider using strcpy_s instead. To disable deprecation, use _CRT_SECURE_NO_WARNINGS. See online help for details.
                 C:\Program Files (x86)\Microsoft Visual Studio 12.0\VC\include\string.h(112): Siehe Deklaration von 'strcpy'
         ExplorerProfil.cpp
     1>ExplorerProfil.cpp(49): warning C4305: 'Argument': Verkürzung von 'double' in 'float'
     1>ExplorerProfil.cpp(140): warning C4996: 'strcpy': This function or variable may be unsafe. Consider using strcpy_s instead. To disable deprecation, use _CRT_SECURE_NO_WARNINGS. See online help for details.
                 C:\Program Files (x86)\Microsoft Visual Studio 12.0\VC\include\string.h(112): Siehe Deklaration von 'strcpy'
         FileFinder.cpp
     1>FileFinder.cpp(36): warning C4101: 'filesize': Unreferenzierte lokale Variable
         FileHandler.cpp
         FileReader.cpp
         FileWriter.cpp
         Fog.cpp
         Frage.cpp
         FrageGrafik.cpp
         FrageMulti.cpp
         FragenHandler.cpp
         FrageText.cpp
     1>FrageText.cpp(29): warning C4018: '<': Konflikt zwischen 'signed' und 'unsigned'
     1>FrageText.cpp(54): warning C4018: '<': Konflikt zwischen 'signed' und 'unsigned'
         Game.cpp
         Hitbox.cpp
     1>Hitbox.cpp(59): warning C4244: 'Argument': Konvertierung von 'double' in 'float', möglicher Datenverlust
         LightTunnel.cpp
     1>LightTunnel.cpp(20): warning C4305: 'Argument': Verkürzung von 'double' in 'float'
     1>LightTunnel.cpp(24): warning C4244: 'Initialisierung': Konvertierung von 'double' in 'float', möglicher Datenverlust
         LLAnzeige.cpp
         MainMenu.cpp
         Maus.cpp
         Meteorit.cpp
     1>Meteorit.cpp(5): warning C4244: 'Argument': Konvertierung von 'time_t' in 'unsigned int', möglicher Datenverlust
     1>Meteorit.cpp(43): warning C4244: 'Initialisierung': Konvertierung von 'int' in 'float', möglicher Datenverlust
     1>Meteorit.cpp(44): warning C4244: 'Initialisierung': Konvertierung von 'int' in 'float', möglicher Datenverlust
         Kompilieren...
         Raumschiff.cpp
         SceneHandler.cpp
     1>SceneHandler.cpp(196): warning C4804: '>': unsichere Verwendung des Typs 'bool' in einer Operation
         SkyDome.cpp
         Sound.cpp
         stdafx.cpp
         Steuerung.cpp
         StringToChar.cpp
     1>StringToChar.cpp(17): warning C4996: 'strncpy': This function or variable may be unsafe. Consider using strncpy_s instead. To disable deprecation, use _CRT_SECURE_NO_WARNINGS. See online help for details.
                 C:\Program Files (x86)\Microsoft Visual Studio 12.0\VC\include\string.h(195): Siehe Deklaration von 'strncpy'
         TastaturGER.cpp
     1>TastaturGER.cpp(184): warning C4800: 'SHORT': Variable wird auf booleschen Wert ('True' oder 'False') gesetzt (Auswirkungen auf Leistungsverhalten möglich)
     1>TastaturGER.cpp(185): warning C4800: 'SHORT': Variable wird auf booleschen Wert ('True' oder 'False') gesetzt (Auswirkungen auf Leistungsverhalten möglich)
     1>TastaturGER.cpp(326): warning C4996: 'strcpy': This function or variable may be unsafe. Consider using strcpy_s instead. To disable deprecation, use _CRT_SECURE_NO_WARNINGS. See online help for details.
                 C:\Program Files (x86)\Microsoft Visual Studio 12.0\VC\include\string.h(112): Siehe Deklaration von 'strcpy'
     1>TastaturGER.cpp(337): warning C4996: 'strcpy': This function or variable may be unsafe. Consider using strcpy_s instead. To disable deprecation, use _CRT_SECURE_NO_WARNINGS. See online help for details.
                 C:\Program Files (x86)\Microsoft Visual Studio 12.0\VC\include\string.h(112): Siehe Deklaration von 'strcpy'
         TextOutput.cpp
     1>TextOutput.cpp(142): warning C4018: '<': Konflikt zwischen 'signed' und 'unsigned'
         VektoriaApp.cpp
     1>VektoriaApp.cpp(212): warning C4996: 'sprintf': This function or variable may be unsafe. Consider using sprintf_s instead. To disable deprecation, use _CRT_SECURE_NO_WARNINGS. See online help for details.
                 C:\Program Files (x86)\Microsoft Visual Studio 12.0\VC\include\stdio.h(356): Siehe Deklaration von 'sprintf'
     1>VektoriaApp.cpp(216): warning C4996: 'sprintf': This function or variable may be unsafe. Consider using sprintf_s instead. To disable deprecation, use _CRT_SECURE_NO_WARNINGS. See online help for details.
                 C:\Program Files (x86)\Microsoft Visual Studio 12.0\VC\include\stdio.h(356): Siehe Deklaration von 'sprintf'
     1>VektoriaApp.cpp(220): warning C4996: 'sprintf': This function or variable may be unsafe. Consider using sprintf_s instead. To disable deprecation, use _CRT_SECURE_NO_WARNINGS. See online help for details.
                 C:\Program Files (x86)\Microsoft Visual Studio 12.0\VC\include\stdio.h(356): Siehe Deklaration von 'sprintf'
     1>VektoriaApp.cpp(224): warning C4996: 'sprintf': This function or variable may be unsafe. Consider using sprintf_s instead. To disable deprecation, use _CRT_SECURE_NO_WARNINGS. See online help for details.
                 C:\Program Files (x86)\Microsoft Visual Studio 12.0\VC\include\stdio.h(356): Siehe Deklaration von 'sprintf'
     1>VektoriaApp.cpp(228): warning C4996: 'sprintf': This function or variable may be unsafe. Consider using sprintf_s instead. To disable deprecation, use _CRT_SECURE_NO_WARNINGS. See online help for details.
                 C:\Program Files (x86)\Microsoft Visual Studio 12.0\VC\include\stdio.h(356): Siehe Deklaration von 'sprintf'
     1>VektoriaApp.cpp(232): warning C4996: 'sprintf': This function or variable may be unsafe. Consider using sprintf_s instead. To disable deprecation, use _CRT_SECURE_NO_WARNINGS. See online help for details.
                 C:\Program Files (x86)\Microsoft Visual Studio 12.0\VC\include\stdio.h(356): Siehe Deklaration von 'sprintf'
     1>VektoriaApp.cpp(235): warning C4996: 'sprintf': This function or variable may be unsafe. Consider using sprintf_s instead. To disable deprecation, use _CRT_SECURE_NO_WARNINGS. See online help for details.
                 C:\Program Files (x86)\Microsoft Visual Studio 12.0\VC\include\stdio.h(356): Siehe Deklaration von 'sprintf'
       ResourceCompile:
         C:\Program Files (x86)\Windows Kits\8.1\bin\x86\rc.exe /l"0x0409" /nologo /fo"Release\VektoriaApp.res" VektoriaApp.rc 
       Link:
         C:\Program Files (x86)\Microsoft Visual Studio 12.0\VC\bin\link.exe /ERRORREPORT:PROMPT /OUT:"C:\Users\flori_000\Documents\Visual Studio 2013\Projects\Space-Riddle\Release\SpaceRiddle.exe" /NOLOGO kernel32.lib user32.lib gdi32.lib winspool.lib comdlg32.lib advapi32.lib shell32.lib ole32.lib oleaut32.lib uuid.lib odbc32.lib odbccp32.lib /MANIFEST /MANIFESTUAC:"level='asInvoker' uiAccess='false'" /manifest:embed /DEBUG /PDB:"C:\Users\flori_000\Documents\Visual Studio 2013\Projects\Space-Riddle\Release\SpaceRiddle.pdb" /OPT:REF /OPT:ICF /LTCG /TLBID:1 /DYNAMICBASE /NXCOMPAT /IMPLIB:"C:\Users\flori_000\Documents\Visual Studio 2013\Projects\Space-Riddle\Release\SpaceRiddle.lib" /MACHINE:X86 /SAFESEH Release\VektoriaApp.res
         Release\CameraController.obj
         Release\Explorer.obj
         Release\ExplorerProfil.obj
         Release\FileFinder.obj
         Release\FileHandler.obj
         Release\FileReader.obj
         Release\FileWriter.obj
         Release\Fog.obj
         Release\Frage.obj
         Release\FrageGrafik.obj
         Release\FrageMulti.obj
         Release\FragenHandler.obj
         Release\FrageText.obj
         Release\Game.obj
         Release\Hitbox.obj
         Release\LightTunnel.obj
         Release\LLAnzeige.obj
         Release\MainMenu.obj
         Release\Maus.obj
         Release\Meteorit.obj
         Release\Raumschiff.obj
         Release\SceneHandler.obj
         Release\SkyDome.obj
         Release\Sound.obj
         Release\stdafx.obj
         Release\Steuerung.obj
         Release\StringToChar.obj
         Release\TastaturGER.obj
         Release\TextOutput.obj
         Release\VektoriaApp.obj
         Code wird generiert.
         Codegenerierung ist abgeschlossen.
     1>VektoriaMath_Release.lib(FloatRect.obj) : warning LNK4099: PDB "vc120.pdb" wurde nicht mit "VektoriaMath_Release.lib(FloatRect.obj)" oder an "C:\Users\flori_000\Documents\Visual Studio 2013\Projects\Space-Riddle\Release\vc120.pdb" gefunden; Objekt wird verknüpft, als ob keine Debuginformationen vorhanden wären.
     1>VektoriaMath_Release.lib(HVector.obj) : warning LNK4099: PDB "vc120.pdb" wurde nicht mit "VektoriaMath_Release.lib(HVector.obj)" oder an "C:\Users\flori_000\Documents\Visual Studio 2013\Projects\Space-Riddle\Release\vc120.pdb" gefunden; Objekt wird verknüpft, als ob keine Debuginformationen vorhanden wären.
     1>VektoriaMath_Release.lib(HMat.obj) : warning LNK4099: PDB "vc120.pdb" wurde nicht mit "VektoriaMath_Release.lib(HMat.obj)" oder an "C:\Users\flori_000\Documents\Visual Studio 2013\Projects\Space-Riddle\Release\vc120.pdb" gefunden; Objekt wird verknüpft, als ob keine Debuginformationen vorhanden wären.
     1>VektoriaMath_Release.lib(Color.obj) : warning LNK4099: PDB "vc120.pdb" wurde nicht mit "VektoriaMath_Release.lib(Color.obj)" oder an "C:\Users\flori_000\Documents\Visual Studio 2013\Projects\Space-Riddle\Release\vc120.pdb" gefunden; Objekt wird verknüpft, als ob keine Debuginformationen vorhanden wären.
     1>VektoriaMath_Release.lib(AABB.obj) : warning LNK4099: PDB "vc120.pdb" wurde nicht mit "VektoriaMath_Release.lib(AABB.obj)" oder an "C:\Users\flori_000\Documents\Visual Studio 2013\Projects\Space-Riddle\Release\vc120.pdb" gefunden; Objekt wird verknüpft, als ob keine Debuginformationen vorhanden wären.
     1>VektoriaMath_Release.lib(Ray.obj) : warning LNK4099: PDB "vc120.pdb" wurde nicht mit "VektoriaMath_Release.lib(Ray.obj)" oder an "C:\Users\flori_000\Documents\Visual Studio 2013\Projects\Space-Riddle\Release\vc120.pdb" gefunden; Objekt wird verknüpft, als ob keine Debuginformationen vorhanden wären.
     1>VektoriaMath_Release.lib(Frustum.obj) : warning LNK4099: PDB "vc120.pdb" wurde nicht mit "VektoriaMath_Release.lib(Frustum.obj)" oder an "C:\Users\flori_000\Documents\Visual Studio 2013\Projects\Space-Riddle\Release\vc120.pdb" gefunden; Objekt wird verknüpft, als ob keine Debuginformationen vorhanden wären.
     1>VektoriaMath_Release.lib(Quaternion.obj) : warning LNK4099: PDB "vc120.pdb" wurde nicht mit "VektoriaMath_Release.lib(Quaternion.obj)" oder an "C:\Users\flori_000\Documents\Visual Studio 2013\Projects\Space-Riddle\Release\vc120.pdb" gefunden; Objekt wird verknüpft, als ob keine Debuginformationen vorhanden wären.
     1>VektoriaMath_Release.lib(HMats.obj) : warning LNK4099: PDB "vc120.pdb" wurde nicht mit "VektoriaMath_Release.lib(HMats.obj)" oder an "C:\Users\flori_000\Documents\Visual Studio 2013\Projects\Space-Riddle\Release\vc120.pdb" gefunden; Objekt wird verknüpft, als ob keine Debuginformationen vorhanden wären.
     1>VektoriaMath_Release.lib(HVectors.obj) : warning LNK4099: PDB "vc120.pdb" wurde nicht mit "VektoriaMath_Release.lib(HVectors.obj)" oder an "C:\Users\flori_000\Documents\Visual Studio 2013\Projects\Space-Riddle\Release\vc120.pdb" gefunden; Objekt wird verknüpft, als ob keine Debuginformationen vorhanden wären.
     1>VektoriaMath_Release.lib(Plane.obj) : warning LNK4099: PDB "vc120.pdb" wurde nicht mit "VektoriaMath_Release.lib(Plane.obj)" oder an "C:\Users\flori_000\Documents\Visual Studio 2013\Projects\Space-Riddle\Release\vc120.pdb" gefunden; Objekt wird verknüpft, als ob keine Debuginformationen vorhanden wären.
     1>VektoriaMath_Release.lib(stdafx.obj) : warning LNK4099: PDB "vc120.pdb" wurde nicht mit "VektoriaMath_Release.lib(stdafx.obj)" oder an "C:\Users\flori_000\Documents\Visual Studio 2013\Projects\Space-Riddle\Release\vc120.pdb" gefunden; Objekt wird verknüpft, als ob keine Debuginformationen vorhanden wären.
     1>ApiNullRenderer_Release.lib(NullRenderer.obj) : warning LNK4099: PDB "vc120.pdb" wurde nicht mit "ApiNullRenderer_Release.lib(NullRenderer.obj)" oder an "C:\Users\flori_000\Documents\Visual Studio 2013\Projects\Space-Riddle\Release\vc120.pdb" gefunden; Objekt wird verknüpft, als ob keine Debuginformationen vorhanden wären.
     1>ApiNullRenderer_Release.lib(stdafx.obj) : warning LNK4099: PDB "vc120.pdb" wurde nicht mit "ApiNullRenderer_Release.lib(stdafx.obj)" oder an "C:\Users\flori_000\Documents\Visual Studio 2013\Projects\Space-Riddle\Release\vc120.pdb" gefunden; Objekt wird verknüpft, als ob keine Debuginformationen vorhanden wären.
     1>ApiDirectX11Basic_Release.lib(DirectX11Basic.obj) : warning LNK4099: PDB "vc120.pdb" wurde nicht mit "ApiDirectX11Basic_Release.lib(DirectX11Basic.obj)" oder an "C:\Users\flori_000\Documents\Visual Studio 2013\Projects\Space-Riddle\Release\vc120.pdb" gefunden; Objekt wird verknüpft, als ob keine Debuginformationen vorhanden wären.
     1>ApiDirectInput08_Release.lib(DIKeyboard.obj) : warning LNK4099: PDB "vc120.pdb" wurde nicht mit "ApiDirectInput08_Release.lib(DIKeyboard.obj)" oder an "C:\Users\flori_000\Documents\Visual Studio 2013\Projects\Space-Riddle\Release\vc120.pdb" gefunden; Objekt wird verknüpft, als ob keine Debuginformationen vorhanden wären.
     1>ApiDirectInput08_Release.lib(DIGameController.obj) : warning LNK4099: PDB "vc120.pdb" wurde nicht mit "ApiDirectInput08_Release.lib(DIGameController.obj)" oder an "C:\Users\flori_000\Documents\Visual Studio 2013\Projects\Space-Riddle\Release\vc120.pdb" gefunden; Objekt wird verknüpft, als ob keine Debuginformationen vorhanden wären.
     1>ApiDirectInput08_Release.lib(DIMouse.obj) : warning LNK4099: PDB "vc120.pdb" wurde nicht mit "ApiDirectInput08_Release.lib(DIMouse.obj)" oder an "C:\Users\flori_000\Documents\Visual Studio 2013\Projects\Space-Riddle\Release\vc120.pdb" gefunden; Objekt wird verknüpft, als ob keine Debuginformationen vorhanden wären.
     1>ApiDirectInput08_Release.lib(Device.obj) : warning LNK4099: PDB "vc120.pdb" wurde nicht mit "ApiDirectInput08_Release.lib(Device.obj)" oder an "C:\Users\flori_000\Documents\Visual Studio 2013\Projects\Space-Riddle\Release\vc120.pdb" gefunden; Objekt wird verknüpft, als ob keine Debuginformationen vorhanden wären.
     1>ApiDirectInput08_Release.lib(stdafx.obj) : warning LNK4099: PDB "vc120.pdb" wurde nicht mit "ApiDirectInput08_Release.lib(stdafx.obj)" oder an "C:\Users\flori_000\Documents\Visual Studio 2013\Projects\Space-Riddle\Release\vc120.pdb" gefunden; Objekt wird verknüpft, als ob keine Debuginformationen vorhanden wären.
     1>ApiDirectInput08_Release.lib(DIDevice.obj) : warning LNK4099: PDB "vc120.pdb" wurde nicht mit "ApiDirectInput08_Release.lib(DIDevice.obj)" oder an "C:\Users\flori_000\Documents\Visual Studio 2013\Projects\Space-Riddle\Release\vc120.pdb" gefunden; Objekt wird verknüpft, als ob keine Debuginformationen vorhanden wären.
     1>ApiDirectInput08_Release.lib(DIFoundController.obj) : warning LNK4099: PDB "vc120.pdb" wurde nicht mit "ApiDirectInput08_Release.lib(DIFoundController.obj)" oder an "C:\Users\flori_000\Documents\Visual Studio 2013\Projects\Space-Riddle\Release\vc120.pdb" gefunden; Objekt wird verknüpft, als ob keine Debuginformationen vorhanden wären.
     1>ApiDirectInput08_Release.lib(DIFoundControllers.obj) : warning LNK4099: PDB "vc120.pdb" wurde nicht mit "ApiDirectInput08_Release.lib(DIFoundControllers.obj)" oder an "C:\Users\flori_000\Documents\Visual Studio 2013\Projects\Space-Riddle\Release\vc120.pdb" gefunden; Objekt wird verknüpft, als ob keine Debuginformationen vorhanden wären.
     1>ApiDirectInput08_Release.lib(DIGameControllers.obj) : warning LNK4099: PDB "vc120.pdb" wurde nicht mit "ApiDirectInput08_Release.lib(DIGameControllers.obj)" oder an "C:\Users\flori_000\Documents\Visual Studio 2013\Projects\Space-Riddle\Release\vc120.pdb" gefunden; Objekt wird verknüpft, als ob keine Debuginformationen vorhanden wären.
     1>ApiDirectX11FP_Release.lib(DirectX11FP.obj) : warning LNK4099: PDB "vc120.pdb" wurde nicht mit "ApiDirectX11FP_Release.lib(DirectX11FP.obj)" oder an "C:\Users\flori_000\Documents\Visual Studio 2013\Projects\Space-Riddle\Release\vc120.pdb" gefunden; Objekt wird verknüpft, als ob keine Debuginformationen vorhanden wären.
     1>ApiDirectX11FP_Release.lib(LightUtil.obj) : warning LNK4099: PDB "vc120.pdb" wurde nicht mit "ApiDirectX11FP_Release.lib(LightUtil.obj)" oder an "C:\Users\flori_000\Documents\Visual Studio 2013\Projects\Space-Riddle\Release\vc120.pdb" gefunden; Objekt wird verknüpft, als ob keine Debuginformationen vorhanden wären.
     1>ApiDirectX11FP_Release.lib(ForwardPlusRenderer.obj) : warning LNK4099: PDB "vc120.pdb" wurde nicht mit "ApiDirectX11FP_Release.lib(ForwardPlusRenderer.obj)" oder an "C:\Users\flori_000\Documents\Visual Studio 2013\Projects\Space-Riddle\Release\vc120.pdb" gefunden; Objekt wird verknüpft, als ob keine Debuginformationen vorhanden wären.
     1>ApiDirectX11FP_Release.lib(RSMRenderer.obj) : warning LNK4099: PDB "vc120.pdb" wurde nicht mit "ApiDirectX11FP_Release.lib(RSMRenderer.obj)" oder an "C:\Users\flori_000\Documents\Visual Studio 2013\Projects\Space-Riddle\Release\vc120.pdb" gefunden; Objekt wird verknüpft, als ob keine Debuginformationen vorhanden wären.
     1>ApiDirectX11FP_Release.lib(PostProcessor.obj) : warning LNK4099: PDB "vc120.pdb" wurde nicht mit "ApiDirectX11FP_Release.lib(PostProcessor.obj)" oder an "C:\Users\flori_000\Documents\Visual Studio 2013\Projects\Space-Riddle\Release\vc120.pdb" gefunden; Objekt wird verknüpft, als ob keine Debuginformationen vorhanden wären.
     1>ApiDirectX11FP_Release.lib(GeometryUtil.obj) : warning LNK4099: PDB "vc120.pdb" wurde nicht mit "ApiDirectX11FP_Release.lib(GeometryUtil.obj)" oder an "C:\Users\flori_000\Documents\Visual Studio 2013\Projects\Space-Riddle\Release\vc120.pdb" gefunden; Objekt wird verknüpft, als ob keine Debuginformationen vorhanden wären.
     1>ApiDirectX11FP_Release.lib(MaterialUtil.obj) : warning LNK4099: PDB "vc120.pdb" wurde nicht mit "ApiDirectX11FP_Release.lib(MaterialUtil.obj)" oder an "C:\Users\flori_000\Documents\Visual Studio 2013\Projects\Space-Riddle\Release\vc120.pdb" gefunden; Objekt wird verknüpft, als ob keine Debuginformationen vorhanden wären.
     1>ApiDirectX11FP_Release.lib(ShadowRenderer.obj) : warning LNK4099: PDB "vc120.pdb" wurde nicht mit "ApiDirectX11FP_Release.lib(ShadowRenderer.obj)" oder an "C:\Users\flori_000\Documents\Visual Studio 2013\Projects\Space-Riddle\Release\vc120.pdb" gefunden; Objekt wird verknüpft, als ob keine Debuginformationen vorhanden wären.
     1>ApiDirectX11FP_Release.lib(SpriteRenderer.obj) : warning LNK4099: PDB "vc120.pdb" wurde nicht mit "ApiDirectX11FP_Release.lib(SpriteRenderer.obj)" oder an "C:\Users\flori_000\Documents\Visual Studio 2013\Projects\Space-Riddle\Release\vc120.pdb" gefunden; Objekt wird verknüpft, als ob keine Debuginformationen vorhanden wären.
     1>ApiDirectX11FP_Release.lib(PostLuma.obj) : warning LNK4099: PDB "vc120.pdb" wurde nicht mit "ApiDirectX11FP_Release.lib(PostLuma.obj)" oder an "C:\Users\flori_000\Documents\Visual Studio 2013\Projects\Space-Riddle\Release\vc120.pdb" gefunden; Objekt wird verknüpft, als ob keine Debuginformationen vorhanden wären.
     1>ApiDirectX11FP_Release.lib(PostBloom.obj) : warning LNK4099: PDB "vc120.pdb" wurde nicht mit "ApiDirectX11FP_Release.lib(PostBloom.obj)" oder an "C:\Users\flori_000\Documents\Visual Studio 2013\Projects\Space-Riddle\Release\vc120.pdb" gefunden; Objekt wird verknüpft, als ob keine Debuginformationen vorhanden wären.
     1>ApiDirectX11FP_Release.lib(PostDoF.obj) : warning LNK4099: PDB "vc120.pdb" wurde nicht mit "ApiDirectX11FP_Release.lib(PostDoF.obj)" oder an "C:\Users\flori_000\Documents\Visual Studio 2013\Projects\Space-Riddle\Release\vc120.pdb" gefunden; Objekt wird verknüpft, als ob keine Debuginformationen vorhanden wären.
     1>ApiDirectX11FP_Release.lib(PostGodRays.obj) : warning LNK4099: PDB "vc120.pdb" wurde nicht mit "ApiDirectX11FP_Release.lib(PostGodRays.obj)" oder an "C:\Users\flori_000\Documents\Visual Studio 2013\Projects\Space-Riddle\Release\vc120.pdb" gefunden; Objekt wird verknüpft, als ob keine Debuginformationen vorhanden wären.
     1>ApiOpenGL40_Release.lib(OpenGL40.obj) : warning LNK4099: PDB "vc120.pdb" wurde nicht mit "ApiOpenGL40_Release.lib(OpenGL40.obj)" oder an "C:\Users\flori_000\Documents\Visual Studio 2013\Projects\Space-Riddle\Release\vc120.pdb" gefunden; Objekt wird verknüpft, als ob keine Debuginformationen vorhanden wären.
     1>ApiOpenGL40_Release.lib(stdafx.obj) : warning LNK4099: PDB "vc120.pdb" wurde nicht mit "ApiOpenGL40_Release.lib(stdafx.obj)" oder an "C:\Users\flori_000\Documents\Visual Studio 2013\Projects\Space-Riddle\Release\vc120.pdb" gefunden; Objekt wird verknüpft, als ob keine Debuginformationen vorhanden wären.
     1>ApiNullSound_Release.lib(NullSound.obj) : warning LNK4099: PDB "vc120.pdb" wurde nicht mit "ApiNullSound_Release.lib(NullSound.obj)" oder an "C:\Users\flori_000\Documents\Visual Studio 2013\Projects\Space-Riddle\Release\vc120.pdb" gefunden; Objekt wird verknüpft, als ob keine Debuginformationen vorhanden wären.
     1>ApiNullSound_Release.lib(stdafx.obj) : warning LNK4099: PDB "vc120.pdb" wurde nicht mit "ApiNullSound_Release.lib(stdafx.obj)" oder an "C:\Users\flori_000\Documents\Visual Studio 2013\Projects\Space-Riddle\Release\vc120.pdb" gefunden; Objekt wird verknüpft, als ob keine Debuginformationen vorhanden wären.
     1>ApiDirectSound_Release.lib(DirectSound.obj) : warning LNK4099: PDB "vc120.pdb" wurde nicht mit "ApiDirectSound_Release.lib(DirectSound.obj)" oder an "C:\Users\flori_000\Documents\Visual Studio 2013\Projects\Space-Riddle\Release\vc120.pdb" gefunden; Objekt wird verknüpft, als ob keine Debuginformationen vorhanden wären.
     1>ApiDirectSound_Release.lib(stdafx.obj) : warning LNK4099: PDB "vc120.pdb" wurde nicht mit "ApiDirectSound_Release.lib(stdafx.obj)" oder an "C:\Users\flori_000\Documents\Visual Studio 2013\Projects\Space-Riddle\Release\vc120.pdb" gefunden; Objekt wird verknüpft, als ob keine Debuginformationen vorhanden wären.
     1>ApiRenderDistributed_Release.lib(RenderDistributed.obj) : warning LNK4099: PDB "vc120.pdb" wurde nicht mit "ApiRenderDistributed_Release.lib(RenderDistributed.obj)" oder an "C:\Users\flori_000\Documents\Visual Studio 2013\Projects\Space-Riddle\Release\vc120.pdb" gefunden; Objekt wird verknüpft, als ob keine Debuginformationen vorhanden wären.
     1>ApiRenderDistributed_Release.lib(NetworkUDPServer.obj) : warning LNK4099: PDB "vc120.pdb" wurde nicht mit "ApiRenderDistributed_Release.lib(NetworkUDPServer.obj)" oder an "C:\Users\flori_000\Documents\Visual Studio 2013\Projects\Space-Riddle\Release\vc120.pdb" gefunden; Objekt wird verknüpft, als ob keine Debuginformationen vorhanden wären.
     1>ApiRenderDistributed_Release.lib(NetworkBase.obj) : warning LNK4099: PDB "vc120.pdb" wurde nicht mit "ApiRenderDistributed_Release.lib(NetworkBase.obj)" oder an "C:\Users\flori_000\Documents\Visual Studio 2013\Projects\Space-Riddle\Release\vc120.pdb" gefunden; Objekt wird verknüpft, als ob keine Debuginformationen vorhanden wären.
     1>ApiUtils_Release.lib(Shadercache.obj) : warning LNK4099: PDB "vc120.pdb" wurde nicht mit "ApiUtils_Release.lib(Shadercache.obj)" oder an "C:\Users\flori_000\Documents\Visual Studio 2013\Projects\Space-Riddle\Release\vc120.pdb" gefunden; Objekt wird verknüpft, als ob keine Debuginformationen vorhanden wären.
     1>ApiUtils_Release.lib(DXUtilities.obj) : warning LNK4099: PDB "vc120.pdb" wurde nicht mit "ApiUtils_Release.lib(DXUtilities.obj)" oder an "C:\Users\flori_000\Documents\Visual Studio 2013\Projects\Space-Riddle\Release\vc120.pdb" gefunden; Objekt wird verknüpft, als ob keine Debuginformationen vorhanden wären.
     1>ApiUtils_Release.lib(DXBuffers.obj) : warning LNK4099: PDB "vc120.pdb" wurde nicht mit "ApiUtils_Release.lib(DXBuffers.obj)" oder an "C:\Users\flori_000\Documents\Visual Studio 2013\Projects\Space-Riddle\Release\vc120.pdb" gefunden; Objekt wird verknüpft, als ob keine Debuginformationen vorhanden wären.
     1>ApiUtils_Release.lib(DrawObjects.obj) : warning LNK4099: PDB "vc120.pdb" wurde nicht mit "ApiUtils_Release.lib(DrawObjects.obj)" oder an "C:\Users\flori_000\Documents\Visual Studio 2013\Projects\Space-Riddle\Release\vc120.pdb" gefunden; Objekt wird verknüpft, als ob keine Debuginformationen vorhanden wären.
     1>ApiUtils_Release.lib(DXBuffer.obj) : warning LNK4099: PDB "vc120.pdb" wurde nicht mit "ApiUtils_Release.lib(DXBuffer.obj)" oder an "C:\Users\flori_000\Documents\Visual Studio 2013\Projects\Space-Riddle\Release\vc120.pdb" gefunden; Objekt wird verknüpft, als ob keine Debuginformationen vorhanden wären.
     1>ApiUtils_Release.lib(DrawObject.obj) : warning LNK4099: PDB "vc120.pdb" wurde nicht mit "ApiUtils_Release.lib(DrawObject.obj)" oder an "C:\Users\flori_000\Documents\Visual Studio 2013\Projects\Space-Riddle\Release\vc120.pdb" gefunden; Objekt wird verknüpft, als ob keine Debuginformationen vorhanden wären.
     1>Vektoria_Release.lib(ApiRender.obj) : warning LNK4099: PDB "vc120.pdb" wurde nicht mit "Vektoria_Release.lib(ApiRender.obj)" oder an "C:\Users\flori_000\Documents\Visual Studio 2013\Projects\Space-Riddle\Release\vc120.pdb" gefunden; Objekt wird verknüpft, als ob keine Debuginformationen vorhanden wären.
     1>Vektoria_Release.lib(ApiSound.obj) : warning LNK4099: PDB "vc120.pdb" wurde nicht mit "Vektoria_Release.lib(ApiSound.obj)" oder an "C:\Users\flori_000\Documents\Visual Studio 2013\Projects\Space-Riddle\Release\vc120.pdb" gefunden; Objekt wird verknüpft, als ob keine Debuginformationen vorhanden wären.
     1>Vektoria_Release.lib(DeviceCursor.obj) : warning LNK4099: PDB "vc120.pdb" wurde nicht mit "Vektoria_Release.lib(DeviceCursor.obj)" oder an "C:\Users\flori_000\Documents\Visual Studio 2013\Projects\Space-Riddle\Release\vc120.pdb" gefunden; Objekt wird verknüpft, als ob keine Debuginformationen vorhanden wären.
     1>Vektoria_Release.lib(DeviceKeyboard.obj) : warning LNK4099: PDB "vc120.pdb" wurde nicht mit "Vektoria_Release.lib(DeviceKeyboard.obj)" oder an "C:\Users\flori_000\Documents\Visual Studio 2013\Projects\Space-Riddle\Release\vc120.pdb" gefunden; Objekt wird verknüpft, als ob keine Debuginformationen vorhanden wären.
     1>Vektoria_Release.lib(FileVektoria.obj) : warning LNK4099: PDB "vc120.pdb" wurde nicht mit "Vektoria_Release.lib(FileVektoria.obj)" oder an "C:\Users\flori_000\Documents\Visual Studio 2013\Projects\Space-Riddle\Release\vc120.pdb" gefunden; Objekt wird verknüpft, als ob keine Debuginformationen vorhanden wären.
     1>Vektoria_Release.lib(GeoDome.obj) : warning LNK4099: PDB "vc120.pdb" wurde nicht mit "Vektoria_Release.lib(GeoDome.obj)" oder an "C:\Users\flori_000\Documents\Visual Studio 2013\Projects\Space-Riddle\Release\vc120.pdb" gefunden; Objekt wird verknüpft, als ob keine Debuginformationen vorhanden wären.
     1>Vektoria_Release.lib(GeoLineList.obj) : warning LNK4099: PDB "vc120.pdb" wurde nicht mit "Vektoria_Release.lib(GeoLineList.obj)" oder an "C:\Users\flori_000\Documents\Visual Studio 2013\Projects\Space-Riddle\Release\vc120.pdb" gefunden; Objekt wird verknüpft, als ob keine Debuginformationen vorhanden wären.
     1>Vektoria_Release.lib(GeoPointList.obj) : warning LNK4099: PDB "vc120.pdb" wurde nicht mit "Vektoria_Release.lib(GeoPointList.obj)" oder an "C:\Users\flori_000\Documents\Visual Studio 2013\Projects\Space-Riddle\Release\vc120.pdb" gefunden; Objekt wird verknüpft, als ob keine Debuginformationen vorhanden wären.
     1>Vektoria_Release.lib(GeoSphere.obj) : warning LNK4099: PDB "vc120.pdb" wurde nicht mit "Vektoria_Release.lib(GeoSphere.obj)" oder an "C:\Users\flori_000\Documents\Visual Studio 2013\Projects\Space-Riddle\Release\vc120.pdb" gefunden; Objekt wird verknüpft, als ob keine Debuginformationen vorhanden wären.
     1>Vektoria_Release.lib(GeoTriangleList.obj) : warning LNK4099: PDB "vc120.pdb" wurde nicht mit "Vektoria_Release.lib(GeoTriangleList.obj)" oder an "C:\Users\flori_000\Documents\Visual Studio 2013\Projects\Space-Riddle\Release\vc120.pdb" gefunden; Objekt wird verknüpft, als ob keine Debuginformationen vorhanden wären.
     1>Vektoria_Release.lib(GeoTriangleLists.obj) : warning LNK4099: PDB "vc120.pdb" wurde nicht mit "Vektoria_Release.lib(GeoTriangleLists.obj)" oder an "C:\Users\flori_000\Documents\Visual Studio 2013\Projects\Space-Riddle\Release\vc120.pdb" gefunden; Objekt wird verknüpft, als ob keine Debuginformationen vorhanden wären.
     1>Vektoria_Release.lib(GeoTriangleStrip.obj) : warning LNK4099: PDB "vc120.pdb" wurde nicht mit "Vektoria_Release.lib(GeoTriangleStrip.obj)" oder an "C:\Users\flori_000\Documents\Visual Studio 2013\Projects\Space-Riddle\Release\vc120.pdb" gefunden; Objekt wird verknüpft, als ob keine Debuginformationen vorhanden wären.
     1>Vektoria_Release.lib(GeoTriangleTable.obj) : warning LNK4099: PDB "vc120.pdb" wurde nicht mit "Vektoria_Release.lib(GeoTriangleTable.obj)" oder an "C:\Users\flori_000\Documents\Visual Studio 2013\Projects\Space-Riddle\Release\vc120.pdb" gefunden; Objekt wird verknüpft, als ob keine Debuginformationen vorhanden wären.
     1>Vektoria_Release.lib(GeoWall.obj) : warning LNK4099: PDB "vc120.pdb" wurde nicht mit "Vektoria_Release.lib(GeoWall.obj)" oder an "C:\Users\flori_000\Documents\Visual Studio 2013\Projects\Space-Riddle\Release\vc120.pdb" gefunden; Objekt wird verknüpft, als ob keine Debuginformationen vorhanden wären.
     1>Vektoria_Release.lib(GeoWalls.obj) : warning LNK4099: PDB "vc120.pdb" wurde nicht mit "Vektoria_Release.lib(GeoWalls.obj)" oder an "C:\Users\flori_000\Documents\Visual Studio 2013\Projects\Space-Riddle\Release\vc120.pdb" gefunden; Objekt wird verknüpft, als ob keine Debuginformationen vorhanden wären.
     1>Vektoria_Release.lib(GeoWindow.obj) : warning LNK4099: PDB "vc120.pdb" wurde nicht mit "Vektoria_Release.lib(GeoWindow.obj)" oder an "C:\Users\flori_000\Documents\Visual Studio 2013\Projects\Space-Riddle\Release\vc120.pdb" gefunden; Objekt wird verknüpft, als ob keine Debuginformationen vorhanden wären.
     1>Vektoria_Release.lib(GeoWindows.obj) : warning LNK4099: PDB "vc120.pdb" wurde nicht mit "Vektoria_Release.lib(GeoWindows.obj)" oder an "C:\Users\flori_000\Documents\Visual Studio 2013\Projects\Space-Riddle\Release\vc120.pdb" gefunden; Objekt wird verknüpft, als ob keine Debuginformationen vorhanden wären.
     1>Vektoria_Release.lib(GeoWing.obj) : warning LNK4099: PDB "vc120.pdb" wurde nicht mit "Vektoria_Release.lib(GeoWing.obj)" oder an "C:\Users\flori_000\Documents\Visual Studio 2013\Projects\Space-Riddle\Release\vc120.pdb" gefunden; Objekt wird verknüpft, als ob keine Debuginformationen vorhanden wären.
     1>Vektoria_Release.lib(GeoWings.obj) : warning LNK4099: PDB "vc120.pdb" wurde nicht mit "Vektoria_Release.lib(GeoWings.obj)" oder an "C:\Users\flori_000\Documents\Visual Studio 2013\Projects\Space-Riddle\Release\vc120.pdb" gefunden; Objekt wird verknüpft, als ob keine Debuginformationen vorhanden wären.
     1>Vektoria_Release.lib(HitPoint.obj) : warning LNK4099: PDB "vc120.pdb" wurde nicht mit "Vektoria_Release.lib(HitPoint.obj)" oder an "C:\Users\flori_000\Documents\Visual Studio 2013\Projects\Space-Riddle\Release\vc120.pdb" gefunden; Objekt wird verknüpft, als ob keine Debuginformationen vorhanden wären.
     1>Vektoria_Release.lib(HitPoints.obj) : warning LNK4099: PDB "vc120.pdb" wurde nicht mit "Vektoria_Release.lib(HitPoints.obj)" oder an "C:\Users\flori_000\Documents\Visual Studio 2013\Projects\Space-Riddle\Release\vc120.pdb" gefunden; Objekt wird verknüpft, als ob keine Debuginformationen vorhanden wären.
     1>Vektoria_Release.lib(LightParallel.obj) : warning LNK4099: PDB "vc120.pdb" wurde nicht mit "Vektoria_Release.lib(LightParallel.obj)" oder an "C:\Users\flori_000\Documents\Visual Studio 2013\Projects\Space-Riddle\Release\vc120.pdb" gefunden; Objekt wird verknüpft, als ob keine Debuginformationen vorhanden wären.
     1>Vektoria_Release.lib(LightParallels.obj) : warning LNK4099: PDB "vc120.pdb" wurde nicht mit "Vektoria_Release.lib(LightParallels.obj)" oder an "C:\Users\flori_000\Documents\Visual Studio 2013\Projects\Space-Riddle\Release\vc120.pdb" gefunden; Objekt wird verknüpft, als ob keine Debuginformationen vorhanden wären.
     1>Vektoria_Release.lib(LightRadial.obj) : warning LNK4099: PDB "vc120.pdb" wurde nicht mit "Vektoria_Release.lib(LightRadial.obj)" oder an "C:\Users\flori_000\Documents\Visual Studio 2013\Projects\Space-Riddle\Release\vc120.pdb" gefunden; Objekt wird verknüpft, als ob keine Debuginformationen vorhanden wären.
     1>Vektoria_Release.lib(LightRadials.obj) : warning LNK4099: PDB "vc120.pdb" wurde nicht mit "Vektoria_Release.lib(LightRadials.obj)" oder an "C:\Users\flori_000\Documents\Visual Studio 2013\Projects\Space-Riddle\Release\vc120.pdb" gefunden; Objekt wird verknüpft, als ob keine Debuginformationen vorhanden wären.
     1>Vektoria_Release.lib(LightSpot.obj) : warning LNK4099: PDB "vc120.pdb" wurde nicht mit "Vektoria_Release.lib(LightSpot.obj)" oder an "C:\Users\flori_000\Documents\Visual Studio 2013\Projects\Space-Riddle\Release\vc120.pdb" gefunden; Objekt wird verknüpft, als ob keine Debuginformationen vorhanden wären.
     1>Vektoria_Release.lib(LightSpots.obj) : warning LNK4099: PDB "vc120.pdb" wurde nicht mit "Vektoria_Release.lib(LightSpots.obj)" oder an "C:\Users\flori_000\Documents\Visual Studio 2013\Projects\Space-Riddle\Release\vc120.pdb" gefunden; Objekt wird verknüpft, als ob keine Debuginformationen vorhanden wären.
     1>Vektoria_Release.lib(Node3D.obj) : warning LNK4099: PDB "vc120.pdb" wurde nicht mit "Vektoria_Release.lib(Node3D.obj)" oder an "C:\Users\flori_000\Documents\Visual Studio 2013\Projects\Space-Riddle\Release\vc120.pdb" gefunden; Objekt wird verknüpft, als ob keine Debuginformationen vorhanden wären.
     1>Vektoria_Release.lib(Physical.obj) : warning LNK4099: PDB "vc120.pdb" wurde nicht mit "Vektoria_Release.lib(Physical.obj)" oder an "C:\Users\flori_000\Documents\Visual Studio 2013\Projects\Space-Riddle\Release\vc120.pdb" gefunden; Objekt wird verknüpft, als ob keine Debuginformationen vorhanden wären.
     1>Vektoria_Release.lib(Splash.obj) : warning LNK4099: PDB "vc120.pdb" wurde nicht mit "Vektoria_Release.lib(Splash.obj)" oder an "C:\Users\flori_000\Documents\Visual Studio 2013\Projects\Space-Riddle\Release\vc120.pdb" gefunden; Objekt wird verknüpft, als ob keine Debuginformationen vorhanden wären.
     1>Vektoria_Release.lib(Sprite.obj) : warning LNK4099: PDB "vc120.pdb" wurde nicht mit "Vektoria_Release.lib(Sprite.obj)" oder an "C:\Users\flori_000\Documents\Visual Studio 2013\Projects\Space-Riddle\Release\vc120.pdb" gefunden; Objekt wird verknüpft, als ob keine Debuginformationen vorhanden wären.
     1>Vektoria_Release.lib(Timer.obj) : warning LNK4099: PDB "vc120.pdb" wurde nicht mit "Vektoria_Release.lib(Timer.obj)" oder an "C:\Users\flori_000\Documents\Visual Studio 2013\Projects\Space-Riddle\Release\vc120.pdb" gefunden; Objekt wird verknüpft, als ob keine Debuginformationen vorhanden wären.
     1>Vektoria_Release.lib(Audio.obj) : warning LNK4099: PDB "vc120.pdb" wurde nicht mit "Vektoria_Release.lib(Audio.obj)" oder an "C:\Users\flori_000\Documents\Visual Studio 2013\Projects\Space-Riddle\Release\vc120.pdb" gefunden; Objekt wird verknüpft, als ob keine Debuginformationen vorhanden wären.
     1>Vektoria_Release.lib(Audios.obj) : warning LNK4099: PDB "vc120.pdb" wurde nicht mit "Vektoria_Release.lib(Audios.obj)" oder an "C:\Users\flori_000\Documents\Visual Studio 2013\Projects\Space-Riddle\Release\vc120.pdb" gefunden; Objekt wird verknüpft, als ob keine Debuginformationen vorhanden wären.
     1>Vektoria_Release.lib(Background.obj) : warning LNK4099: PDB "vc120.pdb" wurde nicht mit "Vektoria_Release.lib(Background.obj)" oder an "C:\Users\flori_000\Documents\Visual Studio 2013\Projects\Space-Riddle\Release\vc120.pdb" gefunden; Objekt wird verknüpft, als ob keine Debuginformationen vorhanden wären.
     1>Vektoria_Release.lib(Backgrounds.obj) : warning LNK4099: PDB "vc120.pdb" wurde nicht mit "Vektoria_Release.lib(Backgrounds.obj)" oder an "C:\Users\flori_000\Documents\Visual Studio 2013\Projects\Space-Riddle\Release\vc120.pdb" gefunden; Objekt wird verknüpft, als ob keine Debuginformationen vorhanden wären.
     1>Vektoria_Release.lib(Camera.obj) : warning LNK4099: PDB "vc120.pdb" wurde nicht mit "Vektoria_Release.lib(Camera.obj)" oder an "C:\Users\flori_000\Documents\Visual Studio 2013\Projects\Space-Riddle\Release\vc120.pdb" gefunden; Objekt wird verknüpft, als ob keine Debuginformationen vorhanden wären.
     1>Vektoria_Release.lib(Cameras.obj) : warning LNK4099: PDB "vc120.pdb" wurde nicht mit "Vektoria_Release.lib(Cameras.obj)" oder an "C:\Users\flori_000\Documents\Visual Studio 2013\Projects\Space-Riddle\Release\vc120.pdb" gefunden; Objekt wird verknüpft, als ob keine Debuginformationen vorhanden wären.
     1>Vektoria_Release.lib(Emitter.obj) : warning LNK4099: PDB "vc120.pdb" wurde nicht mit "Vektoria_Release.lib(Emitter.obj)" oder an "C:\Users\flori_000\Documents\Visual Studio 2013\Projects\Space-Riddle\Release\vc120.pdb" gefunden; Objekt wird verknüpft, als ob keine Debuginformationen vorhanden wären.
     1>Vektoria_Release.lib(Emitters.obj) : warning LNK4099: PDB "vc120.pdb" wurde nicht mit "Vektoria_Release.lib(Emitters.obj)" oder an "C:\Users\flori_000\Documents\Visual Studio 2013\Projects\Space-Riddle\Release\vc120.pdb" gefunden; Objekt wird verknüpft, als ob keine Debuginformationen vorhanden wären.
     1>Vektoria_Release.lib(FileWavefront.obj) : warning LNK4099: PDB "vc120.pdb" wurde nicht mit "Vektoria_Release.lib(FileWavefront.obj)" oder an "C:\Users\flori_000\Documents\Visual Studio 2013\Projects\Space-Riddle\Release\vc120.pdb" gefunden; Objekt wird verknüpft, als ob keine Debuginformationen vorhanden wären.
     1>Vektoria_Release.lib(Frame.obj) : warning LNK4099: PDB "vc120.pdb" wurde nicht mit "Vektoria_Release.lib(Frame.obj)" oder an "C:\Users\flori_000\Documents\Visual Studio 2013\Projects\Space-Riddle\Release\vc120.pdb" gefunden; Objekt wird verknüpft, als ob keine Debuginformationen vorhanden wären.
     1>Vektoria_Release.lib(Frames.obj) : warning LNK4099: PDB "vc120.pdb" wurde nicht mit "Vektoria_Release.lib(Frames.obj)" oder an "C:\Users\flori_000\Documents\Visual Studio 2013\Projects\Space-Riddle\Release\vc120.pdb" gefunden; Objekt wird verknüpft, als ob keine Debuginformationen vorhanden wären.
     1>Vektoria_Release.lib(Geo.obj) : warning LNK4099: PDB "vc120.pdb" wurde nicht mit "Vektoria_Release.lib(Geo.obj)" oder an "C:\Users\flori_000\Documents\Visual Studio 2013\Projects\Space-Riddle\Release\vc120.pdb" gefunden; Objekt wird verknüpft, als ob keine Debuginformationen vorhanden wären.
     1>Vektoria_Release.lib(GeoCylinder.obj) : warning LNK4099: PDB "vc120.pdb" wurde nicht mit "Vektoria_Release.lib(GeoCylinder.obj)" oder an "C:\Users\flori_000\Documents\Visual Studio 2013\Projects\Space-Riddle\Release\vc120.pdb" gefunden; Objekt wird verknüpft, als ob keine Debuginformationen vorhanden wären.
     1>Vektoria_Release.lib(GeoEllipsoid.obj) : warning LNK4099: PDB "vc120.pdb" wurde nicht mit "Vektoria_Release.lib(GeoEllipsoid.obj)" oder an "C:\Users\flori_000\Documents\Visual Studio 2013\Projects\Space-Riddle\Release\vc120.pdb" gefunden; Objekt wird verknüpft, als ob keine Debuginformationen vorhanden wären.
     1>Vektoria_Release.lib(GeoQuad.obj) : warning LNK4099: PDB "vc120.pdb" wurde nicht mit "Vektoria_Release.lib(GeoQuad.obj)" oder an "C:\Users\flori_000\Documents\Visual Studio 2013\Projects\Space-Riddle\Release\vc120.pdb" gefunden; Objekt wird verknüpft, als ob keine Debuginformationen vorhanden wären.
     1>Vektoria_Release.lib(Geos.obj) : warning LNK4099: PDB "vc120.pdb" wurde nicht mit "Vektoria_Release.lib(Geos.obj)" oder an "C:\Users\flori_000\Documents\Visual Studio 2013\Projects\Space-Riddle\Release\vc120.pdb" gefunden; Objekt wird verknüpft, als ob keine Debuginformationen vorhanden wären.
     1>Vektoria_Release.lib(GeoSweep.obj) : warning LNK4099: PDB "vc120.pdb" wurde nicht mit "Vektoria_Release.lib(GeoSweep.obj)" oder an "C:\Users\flori_000\Documents\Visual Studio 2013\Projects\Space-Riddle\Release\vc120.pdb" gefunden; Objekt wird verknüpft, als ob keine Debuginformationen vorhanden wären.
     1>Vektoria_Release.lib(Hardware.obj) : warning LNK4099: PDB "vc120.pdb" wurde nicht mit "Vektoria_Release.lib(Hardware.obj)" oder an "C:\Users\flori_000\Documents\Visual Studio 2013\Projects\Space-Riddle\Release\vc120.pdb" gefunden; Objekt wird verknüpft, als ob keine Debuginformationen vorhanden wären.
     1>Vektoria_Release.lib(Hardwares.obj) : warning LNK4099: PDB "vc120.pdb" wurde nicht mit "Vektoria_Release.lib(Hardwares.obj)" oder an "C:\Users\flori_000\Documents\Visual Studio 2013\Projects\Space-Riddle\Release\vc120.pdb" gefunden; Objekt wird verknüpft, als ob keine Debuginformationen vorhanden wären.
     1>Vektoria_Release.lib(Image.obj) : warning LNK4099: PDB "vc120.pdb" wurde nicht mit "Vektoria_Release.lib(Image.obj)" oder an "C:\Users\flori_000\Documents\Visual Studio 2013\Projects\Space-Riddle\Release\vc120.pdb" gefunden; Objekt wird verknüpft, als ob keine Debuginformationen vorhanden wären.
     1>Vektoria_Release.lib(Light.obj) : warning LNK4099: PDB "vc120.pdb" wurde nicht mit "Vektoria_Release.lib(Light.obj)" oder an "C:\Users\flori_000\Documents\Visual Studio 2013\Projects\Space-Riddle\Release\vc120.pdb" gefunden; Objekt wird verknüpft, als ob keine Debuginformationen vorhanden wären.
     1>Vektoria_Release.lib(Material.obj) : warning LNK4099: PDB "vc120.pdb" wurde nicht mit "Vektoria_Release.lib(Material.obj)" oder an "C:\Users\flori_000\Documents\Visual Studio 2013\Projects\Space-Riddle\Release\vc120.pdb" gefunden; Objekt wird verknüpft, als ob keine Debuginformationen vorhanden wären.
     1>Vektoria_Release.lib(Materials.obj) : warning LNK4099: PDB "vc120.pdb" wurde nicht mit "Vektoria_Release.lib(Materials.obj)" oder an "C:\Users\flori_000\Documents\Visual Studio 2013\Projects\Space-Riddle\Release\vc120.pdb" gefunden; Objekt wird verknüpft, als ob keine Debuginformationen vorhanden wären.
     1>Vektoria_Release.lib(Nodes.obj) : warning LNK4099: PDB "vc120.pdb" wurde nicht mit "Vektoria_Release.lib(Nodes.obj)" oder an "C:\Users\flori_000\Documents\Visual Studio 2013\Projects\Space-Riddle\Release\vc120.pdb" gefunden; Objekt wird verknüpft, als ob keine Debuginformationen vorhanden wären.
     1>Vektoria_Release.lib(Overlay.obj) : warning LNK4099: PDB "vc120.pdb" wurde nicht mit "Vektoria_Release.lib(Overlay.obj)" oder an "C:\Users\flori_000\Documents\Visual Studio 2013\Projects\Space-Riddle\Release\vc120.pdb" gefunden; Objekt wird verknüpft, als ob keine Debuginformationen vorhanden wären.
     1>Vektoria_Release.lib(Overlays.obj) : warning LNK4099: PDB "vc120.pdb" wurde nicht mit "Vektoria_Release.lib(Overlays.obj)" oder an "C:\Users\flori_000\Documents\Visual Studio 2013\Projects\Space-Riddle\Release\vc120.pdb" gefunden; Objekt wird verknüpft, als ob keine Debuginformationen vorhanden wären.
     1>Vektoria_Release.lib(Placement.obj) : warning LNK4099: PDB "vc120.pdb" wurde nicht mit "Vektoria_Release.lib(Placement.obj)" oder an "C:\Users\flori_000\Documents\Visual Studio 2013\Projects\Space-Riddle\Release\vc120.pdb" gefunden; Objekt wird verknüpft, als ob keine Debuginformationen vorhanden wären.
     1>Vektoria_Release.lib(Placements.obj) : warning LNK4099: PDB "vc120.pdb" wurde nicht mit "Vektoria_Release.lib(Placements.obj)" oder an "C:\Users\flori_000\Documents\Visual Studio 2013\Projects\Space-Riddle\Release\vc120.pdb" gefunden; Objekt wird verknüpft, als ob keine Debuginformationen vorhanden wären.
     1>Vektoria_Release.lib(Root.obj) : warning LNK4099: PDB "vc120.pdb" wurde nicht mit "Vektoria_Release.lib(Root.obj)" oder an "C:\Users\flori_000\Documents\Visual Studio 2013\Projects\Space-Riddle\Release\vc120.pdb" gefunden; Objekt wird verknüpft, als ob keine Debuginformationen vorhanden wären.
     1>Vektoria_Release.lib(Scene.obj) : warning LNK4099: PDB "vc120.pdb" wurde nicht mit "Vektoria_Release.lib(Scene.obj)" oder an "C:\Users\flori_000\Documents\Visual Studio 2013\Projects\Space-Riddle\Release\vc120.pdb" gefunden; Objekt wird verknüpft, als ob keine Debuginformationen vorhanden wären.
     1>Vektoria_Release.lib(Scenes.obj) : warning LNK4099: PDB "vc120.pdb" wurde nicht mit "Vektoria_Release.lib(Scenes.obj)" oder an "C:\Users\flori_000\Documents\Visual Studio 2013\Projects\Space-Riddle\Release\vc120.pdb" gefunden; Objekt wird verknüpft, als ob keine Debuginformationen vorhanden wären.
     1>Vektoria_Release.lib(Texture.obj) : warning LNK4099: PDB "vc120.pdb" wurde nicht mit "Vektoria_Release.lib(Texture.obj)" oder an "C:\Users\flori_000\Documents\Visual Studio 2013\Projects\Space-Riddle\Release\vc120.pdb" gefunden; Objekt wird verknüpft, als ob keine Debuginformationen vorhanden wären.
     1>Vektoria_Release.lib(UtilLogFile.obj) : warning LNK4099: PDB "vc120.pdb" wurde nicht mit "Vektoria_Release.lib(UtilLogFile.obj)" oder an "C:\Users\flori_000\Documents\Visual Studio 2013\Projects\Space-Riddle\Release\vc120.pdb" gefunden; Objekt wird verknüpft, als ob keine Debuginformationen vorhanden wären.
     1>Vektoria_Release.lib(Vertex.obj) : warning LNK4099: PDB "vc120.pdb" wurde nicht mit "Vektoria_Release.lib(Vertex.obj)" oder an "C:\Users\flori_000\Documents\Visual Studio 2013\Projects\Space-Riddle\Release\vc120.pdb" gefunden; Objekt wird verknüpft, als ob keine Debuginformationen vorhanden wären.
     1>Vektoria_Release.lib(Vertexs.obj) : warning LNK4099: PDB "vc120.pdb" wurde nicht mit "Vektoria_Release.lib(Vertexs.obj)" oder an "C:\Users\flori_000\Documents\Visual Studio 2013\Projects\Space-Riddle\Release\vc120.pdb" gefunden; Objekt wird verknüpft, als ob keine Debuginformationen vorhanden wären.
     1>Vektoria_Release.lib(Viewport.obj) : warning LNK4099: PDB "vc120.pdb" wurde nicht mit "Vektoria_Release.lib(Viewport.obj)" oder an "C:\Users\flori_000\Documents\Visual Studio 2013\Projects\Space-Riddle\Release\vc120.pdb" gefunden; Objekt wird verknüpft, als ob keine Debuginformationen vorhanden wären.
     1>Vektoria_Release.lib(Viewports.obj) : warning LNK4099: PDB "vc120.pdb" wurde nicht mit "Vektoria_Release.lib(Viewports.obj)" oder an "C:\Users\flori_000\Documents\Visual Studio 2013\Projects\Space-Riddle\Release\vc120.pdb" gefunden; Objekt wird verknüpft, als ob keine Debuginformationen vorhanden wären.
     1>Vektoria_Release.lib(Node.obj) : warning LNK4099: PDB "vc120.pdb" wurde nicht mit "Vektoria_Release.lib(Node.obj)" oder an "C:\Users\flori_000\Documents\Visual Studio 2013\Projects\Space-Riddle\Release\vc120.pdb" gefunden; Objekt wird verknüpft, als ob keine Debuginformationen vorhanden wären.
     1>Vektoria_Release.lib(Wribel.obj) : warning LNK4099: PDB "vc120.pdb" wurde nicht mit "Vektoria_Release.lib(Wribel.obj)" oder an "C:\Users\flori_000\Documents\Visual Studio 2013\Projects\Space-Riddle\Release\vc120.pdb" gefunden; Objekt wird verknüpft, als ob keine Debuginformationen vorhanden wären.
     1>Vektoria_Release.lib(Wribels.obj) : warning LNK4099: PDB "vc120.pdb" wurde nicht mit "Vektoria_Release.lib(Wribels.obj)" oder an "C:\Users\flori_000\Documents\Visual Studio 2013\Projects\Space-Riddle\Release\vc120.pdb" gefunden; Objekt wird verknüpft, als ob keine Debuginformationen vorhanden wären.
     1>Vektoria_Release.lib(Writing.obj) : warning LNK4099: PDB "vc120.pdb" wurde nicht mit "Vektoria_Release.lib(Writing.obj)" oder an "C:\Users\flori_000\Documents\Visual Studio 2013\Projects\Space-Riddle\Release\vc120.pdb" gefunden; Objekt wird verknüpft, als ob keine Debuginformationen vorhanden wären.
     1>Vektoria_Release.lib(WritingChar.obj) : warning LNK4099: PDB "vc120.pdb" wurde nicht mit "Vektoria_Release.lib(WritingChar.obj)" oder an "C:\Users\flori_000\Documents\Visual Studio 2013\Projects\Space-Riddle\Release\vc120.pdb" gefunden; Objekt wird verknüpft, als ob keine Debuginformationen vorhanden wären.
     1>Vektoria_Release.lib(WritingChars.obj) : warning LNK4099: PDB "vc120.pdb" wurde nicht mit "Vektoria_Release.lib(WritingChars.obj)" oder an "C:\Users\flori_000\Documents\Visual Studio 2013\Projects\Space-Riddle\Release\vc120.pdb" gefunden; Objekt wird verknüpft, als ob keine Debuginformationen vorhanden wären.
     1>Vektoria_Release.lib(WritingFont.obj) : warning LNK4099: PDB "vc120.pdb" wurde nicht mit "Vektoria_Release.lib(WritingFont.obj)" oder an "C:\Users\flori_000\Documents\Visual Studio 2013\Projects\Space-Riddle\Release\vc120.pdb" gefunden; Objekt wird verknüpft, als ob keine Debuginformationen vorhanden wären.
     1>Vektoria_Release.lib(Writings.obj) : warning LNK4099: PDB "vc120.pdb" wurde nicht mit "Vektoria_Release.lib(Writings.obj)" oder an "C:\Users\flori_000\Documents\Visual Studio 2013\Projects\Space-Riddle\Release\vc120.pdb" gefunden; Objekt wird verknüpft, als ob keine Debuginformationen vorhanden wären.
         VektoriaApp.vcxproj -> C:\Users\flori_000\Documents\Visual Studio 2013\Projects\Space-Riddle\Release\SpaceRiddle.exe
     1>Die Erstellung des Projekts "C:\Users\flori_000\Documents\Visual Studio 2013\Projects\Space-Riddle\VektoriaApp\VektoriaApp.vcxproj" ist abgeschlossen, Build Ziel(e).

Build erfolgreich.

Verstrichene Zeit 00:00:15.77
