Der Buildvorgang wurde am 07.04.2016 00:58:34 gestartet.
     1>Projekt "C:\Users\flori_000\Documents\Visual Studio 2013\Projects\Space-Riddle\Space Riddle\VektoriaApp\VektoriaApp.vcxproj" auf Knoten "2", Build Ziel(e).
     1>ClCompile:
         C:\Program Files (x86)\Microsoft Visual Studio 12.0\VC\bin\x86_amd64\CL.exe /c /Zi /nologo /W3 /WX- /Od /D _MBCS /D _MBCS /D _DEBUG /Gm /EHsc /MDd /GS /fp:precise /Zc:wchar_t /Zc:forScope /Fo"x64\Debug\\" /Fd"x64\Debug\vc120.pdb" /Gd /TP /errorReport:prompt Meteorit.cpp
         Meteorit.cpp
     1>Meteorit.cpp(5): warning C4244: 'Argument': Konvertierung von 'time_t' in 'unsigned int', möglicher Datenverlust
     1>Meteorit.cpp(16): warning C4244: 'Argument': Konvertierung von 'double' in 'int', möglicher Datenverlust
     1>Meteorit.cpp(22): warning C4244: 'Initialisierung': Konvertierung von 'int' in 'float', möglicher Datenverlust
     1>Meteorit.cpp(23): warning C4244: 'Initialisierung': Konvertierung von 'int' in 'float', möglicher Datenverlust
     1>Meteorit.cpp(24): warning C4244: 'Initialisierung': Konvertierung von 'int' in 'float', möglicher Datenverlust
       Link:
         C:\Program Files (x86)\Microsoft Visual Studio 12.0\VC\bin\x86_amd64\link.exe /ERRORREPORT:PROMPT /OUT:"C:\Users\flori_000\Documents\Visual Studio 2013\Projects\Space-Riddle\Space Riddle\x64\Debug\SpaceRiddle.exe" /INCREMENTAL /NOLOGO kernel32.lib user32.lib gdi32.lib winspool.lib comdlg32.lib advapi32.lib shell32.lib ole32.lib oleaut32.lib uuid.lib odbc32.lib odbccp32.lib /MANIFEST /MANIFESTUAC:"level='asInvoker' uiAccess='false'" /manifest:embed /DEBUG /PDB:"C:\Users\flori_000\Documents\Visual Studio 2013\Projects\Space-Riddle\Space Riddle\x64\Debug\SpaceRiddle.pdb" /TLBID:1 /DYNAMICBASE /NXCOMPAT /IMPLIB:"C:\Users\flori_000\Documents\Visual Studio 2013\Projects\Space-Riddle\Space Riddle\x64\Debug\SpaceRiddle.lib" /MACHINE:X64 x64\Debug\VektoriaApp.res
         x64\Debug\Game.obj
         x64\Debug\Meteorit.obj
         x64\Debug\stdafx.obj
         x64\Debug\VektoriaApp.obj
         VektoriaApp.vcxproj -> C:\Users\flori_000\Documents\Visual Studio 2013\Projects\Space-Riddle\Space Riddle\x64\Debug\SpaceRiddle.exe
     1>Die Erstellung des Projekts "C:\Users\flori_000\Documents\Visual Studio 2013\Projects\Space-Riddle\Space Riddle\VektoriaApp\VektoriaApp.vcxproj" ist abgeschlossen, Build Ziel(e).

Build erfolgreich.

Verstrichene Zeit 00:00:00.93
