Der Buildvorgang wurde am 07.04.2016 01:44:38 gestartet.
     1>Projekt "C:\Users\flori_000\Documents\Visual Studio 2013\Projects\Space-Riddle\SpaceRiddle\VektoriaApp\VektoriaApp.vcxproj" auf Knoten "2", Build Ziel(e).
     1>C:\Program Files (x86)\MSBuild\Microsoft.Cpp\v4.0\V120\Microsoft.CppBuild.targets(388,5): warning MSB8028: The intermediate directory (x64\Release\) contains files shared from another project (VektoriaApp.vcxproj).  This can lead to incorrect clean and rebuild behavior.
     1>ClCompile:
         C:\Program Files (x86)\Microsoft Visual Studio 12.0\VC\bin\x86_amd64\CL.exe /c /Zi /nologo /W3 /WX- /O2 /Oi /GL /D _MBCS /Gm- /EHsc /MD /GS /Gy /fp:precise /Zc:wchar_t /Zc:forScope /Fo"x64\Release\\" /Fd"x64\Release\vc120.pdb" /Gd /TP /errorReport:prompt Game.cpp Meteorit.cpp stdafx.cpp TastaturGER.cpp TextOutput.cpp VektoriaApp.cpp
         Game.cpp
         Meteorit.cpp
     1>Meteorit.cpp(5): warning C4244: 'Argument': Konvertierung von 'time_t' in 'unsigned int', möglicher Datenverlust
     1>Meteorit.cpp(16): warning C4244: 'Argument': Konvertierung von 'double' in 'int', möglicher Datenverlust
     1>Meteorit.cpp(22): warning C4244: 'Initialisierung': Konvertierung von 'int' in 'float', möglicher Datenverlust
     1>Meteorit.cpp(23): warning C4244: 'Initialisierung': Konvertierung von 'int' in 'float', möglicher Datenverlust
     1>Meteorit.cpp(24): warning C4244: 'Initialisierung': Konvertierung von 'int' in 'float', möglicher Datenverlust
         stdafx.cpp
         TastaturGER.cpp
     1>TastaturGER.cpp(145): warning C4996: 'strcpy': This function or variable may be unsafe. Consider using strcpy_s instead. To disable deprecation, use _CRT_SECURE_NO_WARNINGS. See online help for details.
                 C:\Program Files (x86)\Microsoft Visual Studio 12.0\VC\include\string.h(112): Siehe Deklaration von 'strcpy'
     1>TastaturGER.cpp(174): warning C4800: 'SHORT': Variable wird auf booleschen Wert ('True' oder 'False') gesetzt (Auswirkungen auf Leistungsverhalten möglich)
     1>TastaturGER.cpp(175): warning C4800: 'SHORT': Variable wird auf booleschen Wert ('True' oder 'False') gesetzt (Auswirkungen auf Leistungsverhalten möglich)
     1>TastaturGER.cpp(316): warning C4996: 'strcpy': This function or variable may be unsafe. Consider using strcpy_s instead. To disable deprecation, use _CRT_SECURE_NO_WARNINGS. See online help for details.
                 C:\Program Files (x86)\Microsoft Visual Studio 12.0\VC\include\string.h(112): Siehe Deklaration von 'strcpy'
     1>TastaturGER.cpp(327): warning C4996: 'strcpy': This function or variable may be unsafe. Consider using strcpy_s instead. To disable deprecation, use _CRT_SECURE_NO_WARNINGS. See online help for details.
                 C:\Program Files (x86)\Microsoft Visual Studio 12.0\VC\include\string.h(112): Siehe Deklaration von 'strcpy'
         TextOutput.cpp
     1>TextOutput.cpp(46): warning C4996: 'strcpy': This function or variable may be unsafe. Consider using strcpy_s instead. To disable deprecation, use _CRT_SECURE_NO_WARNINGS. See online help for details.
                 C:\Program Files (x86)\Microsoft Visual Studio 12.0\VC\include\string.h(112): Siehe Deklaration von 'strcpy'
         VektoriaApp.cpp
     1>VektoriaApp.cpp(212): warning C4996: 'sprintf': This function or variable may be unsafe. Consider using sprintf_s instead. To disable deprecation, use _CRT_SECURE_NO_WARNINGS. See online help for details.
                 C:\Program Files (x86)\Microsoft Visual Studio 12.0\VC\include\stdio.h(356): Siehe Deklaration von 'sprintf'
     1>VektoriaApp.cpp(216): warning C4996: 'sprintf': This function or variable may be unsafe. Consider using sprintf_s instead. To disable deprecation, use _CRT_SECURE_NO_WARNINGS. See online help for details.
                 C:\Program Files (x86)\Microsoft Visual Studio 12.0\VC\include\stdio.h(356): Siehe Deklaration von 'sprintf'
     1>VektoriaApp.cpp(220): warning C4996: 'sprintf': This function or variable may be unsafe. Consider using sprintf_s instead. To disable deprecation, use _CRT_SECURE_NO_WARNINGS. See online help for details.
                 C:\Program Files (x86)\Microsoft Visual Studio 12.0\VC\include\stdio.h(356): Siehe Deklaration von 'sprintf'
     1>VektoriaApp.cpp(224): warning C4996: 'sprintf': This function or variable may be unsafe. Consider using sprintf_s instead. To disable deprecation, use _CRT_SECURE_NO_WARNINGS. See online help for details.
                 C:\Program Files (x86)\Microsoft Visual Studio 12.0\VC\include\stdio.h(356): Siehe Deklaration von 'sprintf'
     1>VektoriaApp.cpp(228): warning C4996: 'sprintf': This function or variable may be unsafe. Consider using sprintf_s instead. To disable deprecation, use _CRT_SECURE_NO_WARNINGS. See online help for details.
                 C:\Program Files (x86)\Microsoft Visual Studio 12.0\VC\include\stdio.h(356): Siehe Deklaration von 'sprintf'
     1>VektoriaApp.cpp(232): warning C4996: 'sprintf': This function or variable may be unsafe. Consider using sprintf_s instead. To disable deprecation, use _CRT_SECURE_NO_WARNINGS. See online help for details.
                 C:\Program Files (x86)\Microsoft Visual Studio 12.0\VC\include\stdio.h(356): Siehe Deklaration von 'sprintf'
     1>VektoriaApp.cpp(235): warning C4996: 'sprintf': This function or variable may be unsafe. Consider using sprintf_s instead. To disable deprecation, use _CRT_SECURE_NO_WARNINGS. See online help for details.
                 C:\Program Files (x86)\Microsoft Visual Studio 12.0\VC\include\stdio.h(356): Siehe Deklaration von 'sprintf'
       ResourceCompile:
         C:\Program Files (x86)\Windows Kits\8.1\bin\x86\rc.exe /l"0x0409" /nologo /fo"x64\Release\VektoriaApp.res" VektoriaApp.rc 
       Link:
         C:\Program Files (x86)\Microsoft Visual Studio 12.0\VC\bin\x86_amd64\link.exe /ERRORREPORT:PROMPT /OUT:"C:\Users\flori_000\Documents\Visual Studio 2013\Projects\Space-Riddle\SpaceRiddle\x64\Release\SpaceRiddle.exe" /NOLOGO kernel32.lib user32.lib gdi32.lib winspool.lib comdlg32.lib advapi32.lib shell32.lib ole32.lib oleaut32.lib uuid.lib odbc32.lib odbccp32.lib /MANIFEST /MANIFESTUAC:"level='asInvoker' uiAccess='false'" /manifest:embed /DEBUG /PDB:"C:\Users\flori_000\Documents\Visual Studio 2013\Projects\Space-Riddle\SpaceRiddle\x64\Release\SpaceRiddle.pdb" /OPT:REF /OPT:ICF /LTCG /TLBID:1 /DYNAMICBASE /NXCOMPAT /IMPLIB:"C:\Users\flori_000\Documents\Visual Studio 2013\Projects\Space-Riddle\SpaceRiddle\x64\Release\SpaceRiddle.lib" /MACHINE:X64 x64\Release\VektoriaApp.res
         x64\Release\Game.obj
         x64\Release\Meteorit.obj
         x64\Release\stdafx.obj
         x64\Release\TastaturGER.obj
         x64\Release\TextOutput.obj
         x64\Release\VektoriaApp.obj
         Code wird generiert.
         Codegenerierung ist abgeschlossen.
     1>Vektoria_Release64.lib(Viewport.obj) : warning LNK4099: PDB "vc120.pdb" wurde nicht mit "Vektoria_Release64.lib(Viewport.obj)" oder an "C:\Users\flori_000\Documents\Visual Studio 2013\Projects\Space-Riddle\SpaceRiddle\x64\Release\vc120.pdb" gefunden; Objekt wird verknüpft, als ob keine Debuginformationen vorhanden wären.
     1>Vektoria_Release64.lib(GeoSphere.obj) : warning LNK4099: PDB "vc120.pdb" wurde nicht mit "Vektoria_Release64.lib(GeoSphere.obj)" oder an "C:\Users\flori_000\Documents\Visual Studio 2013\Projects\Space-Riddle\SpaceRiddle\x64\Release\vc120.pdb" gefunden; Objekt wird verknüpft, als ob keine Debuginformationen vorhanden wären.
     1>Vektoria_Release64.lib(Root.obj) : warning LNK4099: PDB "vc120.pdb" wurde nicht mit "Vektoria_Release64.lib(Root.obj)" oder an "C:\Users\flori_000\Documents\Visual Studio 2013\Projects\Space-Riddle\SpaceRiddle\x64\Release\vc120.pdb" gefunden; Objekt wird verknüpft, als ob keine Debuginformationen vorhanden wären.
     1>Vektoria_Release64.lib(GeoTube.obj) : warning LNK4099: PDB "vc120.pdb" wurde nicht mit "Vektoria_Release64.lib(GeoTube.obj)" oder an "C:\Users\flori_000\Documents\Visual Studio 2013\Projects\Space-Riddle\SpaceRiddle\x64\Release\vc120.pdb" gefunden; Objekt wird verknüpft, als ob keine Debuginformationen vorhanden wären.
     1>Vektoria_Release64.lib(Camera.obj) : warning LNK4099: PDB "vc120.pdb" wurde nicht mit "Vektoria_Release64.lib(Camera.obj)" oder an "C:\Users\flori_000\Documents\Visual Studio 2013\Projects\Space-Riddle\SpaceRiddle\x64\Release\vc120.pdb" gefunden; Objekt wird verknüpft, als ob keine Debuginformationen vorhanden wären.
     1>Vektoria_Release64.lib(Background.obj) : warning LNK4099: PDB "vc120.pdb" wurde nicht mit "Vektoria_Release64.lib(Background.obj)" oder an "C:\Users\flori_000\Documents\Visual Studio 2013\Projects\Space-Riddle\SpaceRiddle\x64\Release\vc120.pdb" gefunden; Objekt wird verknüpft, als ob keine Debuginformationen vorhanden wären.
     1>Vektoria_Release64.lib(Material.obj) : warning LNK4099: PDB "vc120.pdb" wurde nicht mit "Vektoria_Release64.lib(Material.obj)" oder an "C:\Users\flori_000\Documents\Visual Studio 2013\Projects\Space-Riddle\SpaceRiddle\x64\Release\vc120.pdb" gefunden; Objekt wird verknüpft, als ob keine Debuginformationen vorhanden wären.
     1>Vektoria_Release64.lib(DeviceKeyboard.obj) : warning LNK4099: PDB "vc120.pdb" wurde nicht mit "Vektoria_Release64.lib(DeviceKeyboard.obj)" oder an "C:\Users\flori_000\Documents\Visual Studio 2013\Projects\Space-Riddle\SpaceRiddle\x64\Release\vc120.pdb" gefunden; Objekt wird verknüpft, als ob keine Debuginformationen vorhanden wären.
     1>Vektoria_Release64.lib(LightParallel.obj) : warning LNK4099: PDB "vc120.pdb" wurde nicht mit "Vektoria_Release64.lib(LightParallel.obj)" oder an "C:\Users\flori_000\Documents\Visual Studio 2013\Projects\Space-Riddle\SpaceRiddle\x64\Release\vc120.pdb" gefunden; Objekt wird verknüpft, als ob keine Debuginformationen vorhanden wären.
     1>Vektoria_Release64.lib(Frame.obj) : warning LNK4099: PDB "vc120.pdb" wurde nicht mit "Vektoria_Release64.lib(Frame.obj)" oder an "C:\Users\flori_000\Documents\Visual Studio 2013\Projects\Space-Riddle\SpaceRiddle\x64\Release\vc120.pdb" gefunden; Objekt wird verknüpft, als ob keine Debuginformationen vorhanden wären.
     1>Vektoria_Release64.lib(Placement.obj) : warning LNK4099: PDB "vc120.pdb" wurde nicht mit "Vektoria_Release64.lib(Placement.obj)" oder an "C:\Users\flori_000\Documents\Visual Studio 2013\Projects\Space-Riddle\SpaceRiddle\x64\Release\vc120.pdb" gefunden; Objekt wird verknüpft, als ob keine Debuginformationen vorhanden wären.
     1>Vektoria_Release64.lib(Sprite.obj) : warning LNK4099: PDB "vc120.pdb" wurde nicht mit "Vektoria_Release64.lib(Sprite.obj)" oder an "C:\Users\flori_000\Documents\Visual Studio 2013\Projects\Space-Riddle\SpaceRiddle\x64\Release\vc120.pdb" gefunden; Objekt wird verknüpft, als ob keine Debuginformationen vorhanden wären.
     1>Vektoria_Release64.lib(Scene.obj) : warning LNK4099: PDB "vc120.pdb" wurde nicht mit "Vektoria_Release64.lib(Scene.obj)" oder an "C:\Users\flori_000\Documents\Visual Studio 2013\Projects\Space-Riddle\SpaceRiddle\x64\Release\vc120.pdb" gefunden; Objekt wird verknüpft, als ob keine Debuginformationen vorhanden wären.
     1>Vektoria_Release64.lib(Node.obj) : warning LNK4099: PDB "vc120.pdb" wurde nicht mit "Vektoria_Release64.lib(Node.obj)" oder an "C:\Users\flori_000\Documents\Visual Studio 2013\Projects\Space-Riddle\SpaceRiddle\x64\Release\vc120.pdb" gefunden; Objekt wird verknüpft, als ob keine Debuginformationen vorhanden wären.
     1>Vektoria_Release64.lib(UtilLogFile.obj) : warning LNK4099: PDB "vc120.pdb" wurde nicht mit "Vektoria_Release64.lib(UtilLogFile.obj)" oder an "C:\Users\flori_000\Documents\Visual Studio 2013\Projects\Space-Riddle\SpaceRiddle\x64\Release\vc120.pdb" gefunden; Objekt wird verknüpft, als ob keine Debuginformationen vorhanden wären.
     1>Vektoria_Release64.lib(Image.obj) : warning LNK4099: PDB "vc120.pdb" wurde nicht mit "Vektoria_Release64.lib(Image.obj)" oder an "C:\Users\flori_000\Documents\Visual Studio 2013\Projects\Space-Riddle\SpaceRiddle\x64\Release\vc120.pdb" gefunden; Objekt wird verknüpft, als ob keine Debuginformationen vorhanden wären.
     1>Vektoria_Release64.lib(WritingChar.obj) : warning LNK4099: PDB "vc120.pdb" wurde nicht mit "Vektoria_Release64.lib(WritingChar.obj)" oder an "C:\Users\flori_000\Documents\Visual Studio 2013\Projects\Space-Riddle\SpaceRiddle\x64\Release\vc120.pdb" gefunden; Objekt wird verknüpft, als ob keine Debuginformationen vorhanden wären.
     1>Vektoria_Release64.lib(Overlay.obj) : warning LNK4099: PDB "vc120.pdb" wurde nicht mit "Vektoria_Release64.lib(Overlay.obj)" oder an "C:\Users\flori_000\Documents\Visual Studio 2013\Projects\Space-Riddle\SpaceRiddle\x64\Release\vc120.pdb" gefunden; Objekt wird verknüpft, als ob keine Debuginformationen vorhanden wären.
     1>Vektoria_Release64.lib(Writing.obj) : warning LNK4099: PDB "vc120.pdb" wurde nicht mit "Vektoria_Release64.lib(Writing.obj)" oder an "C:\Users\flori_000\Documents\Visual Studio 2013\Projects\Space-Riddle\SpaceRiddle\x64\Release\vc120.pdb" gefunden; Objekt wird verknüpft, als ob keine Debuginformationen vorhanden wären.
     1>Vektoria_Release64.lib(WritingFont.obj) : warning LNK4099: PDB "vc120.pdb" wurde nicht mit "Vektoria_Release64.lib(WritingFont.obj)" oder an "C:\Users\flori_000\Documents\Visual Studio 2013\Projects\Space-Riddle\SpaceRiddle\x64\Release\vc120.pdb" gefunden; Objekt wird verknüpft, als ob keine Debuginformationen vorhanden wären.
     1>Vektoria_Release64.lib(Timer.obj) : warning LNK4099: PDB "vc120.pdb" wurde nicht mit "Vektoria_Release64.lib(Timer.obj)" oder an "C:\Users\flori_000\Documents\Visual Studio 2013\Projects\Space-Riddle\SpaceRiddle\x64\Release\vc120.pdb" gefunden; Objekt wird verknüpft, als ob keine Debuginformationen vorhanden wären.
     1>Vektoria_Release64.lib(Splash.obj) : warning LNK4099: PDB "vc120.pdb" wurde nicht mit "Vektoria_Release64.lib(Splash.obj)" oder an "C:\Users\flori_000\Documents\Visual Studio 2013\Projects\Space-Riddle\SpaceRiddle\x64\Release\vc120.pdb" gefunden; Objekt wird verknüpft, als ob keine Debuginformationen vorhanden wären.
     1>Vektoria_Release64.lib(Backgrounds.obj) : warning LNK4099: PDB "vc120.pdb" wurde nicht mit "Vektoria_Release64.lib(Backgrounds.obj)" oder an "C:\Users\flori_000\Documents\Visual Studio 2013\Projects\Space-Riddle\SpaceRiddle\x64\Release\vc120.pdb" gefunden; Objekt wird verknüpft, als ob keine Debuginformationen vorhanden wären.
     1>Vektoria_Release64.lib(FileVektoria.obj) : warning LNK4099: PDB "vc120.pdb" wurde nicht mit "Vektoria_Release64.lib(FileVektoria.obj)" oder an "C:\Users\flori_000\Documents\Visual Studio 2013\Projects\Space-Riddle\SpaceRiddle\x64\Release\vc120.pdb" gefunden; Objekt wird verknüpft, als ob keine Debuginformationen vorhanden wären.
     1>Vektoria_Release64.lib(Overlays.obj) : warning LNK4099: PDB "vc120.pdb" wurde nicht mit "Vektoria_Release64.lib(Overlays.obj)" oder an "C:\Users\flori_000\Documents\Visual Studio 2013\Projects\Space-Riddle\SpaceRiddle\x64\Release\vc120.pdb" gefunden; Objekt wird verknüpft, als ob keine Debuginformationen vorhanden wären.
     1>Vektoria_Release64.lib(Nodes.obj) : warning LNK4099: PDB "vc120.pdb" wurde nicht mit "Vektoria_Release64.lib(Nodes.obj)" oder an "C:\Users\flori_000\Documents\Visual Studio 2013\Projects\Space-Riddle\SpaceRiddle\x64\Release\vc120.pdb" gefunden; Objekt wird verknüpft, als ob keine Debuginformationen vorhanden wären.
     1>Vektoria_Release64.lib(Writings.obj) : warning LNK4099: PDB "vc120.pdb" wurde nicht mit "Vektoria_Release64.lib(Writings.obj)" oder an "C:\Users\flori_000\Documents\Visual Studio 2013\Projects\Space-Riddle\SpaceRiddle\x64\Release\vc120.pdb" gefunden; Objekt wird verknüpft, als ob keine Debuginformationen vorhanden wären.
     1>Vektoria_Release64.lib(Viewports.obj) : warning LNK4099: PDB "vc120.pdb" wurde nicht mit "Vektoria_Release64.lib(Viewports.obj)" oder an "C:\Users\flori_000\Documents\Visual Studio 2013\Projects\Space-Riddle\SpaceRiddle\x64\Release\vc120.pdb" gefunden; Objekt wird verknüpft, als ob keine Debuginformationen vorhanden wären.
     1>Vektoria_Release64.lib(Geo.obj) : warning LNK4099: PDB "vc120.pdb" wurde nicht mit "Vektoria_Release64.lib(Geo.obj)" oder an "C:\Users\flori_000\Documents\Visual Studio 2013\Projects\Space-Riddle\SpaceRiddle\x64\Release\vc120.pdb" gefunden; Objekt wird verknüpft, als ob keine Debuginformationen vorhanden wären.
     1>Vektoria_Release64.lib(Node3D.obj) : warning LNK4099: PDB "vc120.pdb" wurde nicht mit "Vektoria_Release64.lib(Node3D.obj)" oder an "C:\Users\flori_000\Documents\Visual Studio 2013\Projects\Space-Riddle\SpaceRiddle\x64\Release\vc120.pdb" gefunden; Objekt wird verknüpft, als ob keine Debuginformationen vorhanden wären.
     1>Vektoria_Release64.lib(GeoTriangleStrip.obj) : warning LNK4099: PDB "vc120.pdb" wurde nicht mit "Vektoria_Release64.lib(GeoTriangleStrip.obj)" oder an "C:\Users\flori_000\Documents\Visual Studio 2013\Projects\Space-Riddle\SpaceRiddle\x64\Release\vc120.pdb" gefunden; Objekt wird verknüpft, als ob keine Debuginformationen vorhanden wären.
     1>Vektoria_Release64.lib(GeoEllipsoid.obj) : warning LNK4099: PDB "vc120.pdb" wurde nicht mit "Vektoria_Release64.lib(GeoEllipsoid.obj)" oder an "C:\Users\flori_000\Documents\Visual Studio 2013\Projects\Space-Riddle\SpaceRiddle\x64\Release\vc120.pdb" gefunden; Objekt wird verknüpft, als ob keine Debuginformationen vorhanden wären.
     1>Vektoria_Release64.lib(Frames.obj) : warning LNK4099: PDB "vc120.pdb" wurde nicht mit "Vektoria_Release64.lib(Frames.obj)" oder an "C:\Users\flori_000\Documents\Visual Studio 2013\Projects\Space-Riddle\SpaceRiddle\x64\Release\vc120.pdb" gefunden; Objekt wird verknüpft, als ob keine Debuginformationen vorhanden wären.
     1>Vektoria_Release64.lib(Materials.obj) : warning LNK4099: PDB "vc120.pdb" wurde nicht mit "Vektoria_Release64.lib(Materials.obj)" oder an "C:\Users\flori_000\Documents\Visual Studio 2013\Projects\Space-Riddle\SpaceRiddle\x64\Release\vc120.pdb" gefunden; Objekt wird verknüpft, als ob keine Debuginformationen vorhanden wären.
     1>Vektoria_Release64.lib(Light.obj) : warning LNK4099: PDB "vc120.pdb" wurde nicht mit "Vektoria_Release64.lib(Light.obj)" oder an "C:\Users\flori_000\Documents\Visual Studio 2013\Projects\Space-Riddle\SpaceRiddle\x64\Release\vc120.pdb" gefunden; Objekt wird verknüpft, als ob keine Debuginformationen vorhanden wären.
     1>Vektoria_Release64.lib(Placements.obj) : warning LNK4099: PDB "vc120.pdb" wurde nicht mit "Vektoria_Release64.lib(Placements.obj)" oder an "C:\Users\flori_000\Documents\Visual Studio 2013\Projects\Space-Riddle\SpaceRiddle\x64\Release\vc120.pdb" gefunden; Objekt wird verknüpft, als ob keine Debuginformationen vorhanden wären.
     1>Vektoria_Release64.lib(Hardwares.obj) : warning LNK4099: PDB "vc120.pdb" wurde nicht mit "Vektoria_Release64.lib(Hardwares.obj)" oder an "C:\Users\flori_000\Documents\Visual Studio 2013\Projects\Space-Riddle\SpaceRiddle\x64\Release\vc120.pdb" gefunden; Objekt wird verknüpft, als ob keine Debuginformationen vorhanden wären.
     1>Vektoria_Release64.lib(Scenes.obj) : warning LNK4099: PDB "vc120.pdb" wurde nicht mit "Vektoria_Release64.lib(Scenes.obj)" oder an "C:\Users\flori_000\Documents\Visual Studio 2013\Projects\Space-Riddle\SpaceRiddle\x64\Release\vc120.pdb" gefunden; Objekt wird verknüpft, als ob keine Debuginformationen vorhanden wären.
     1>Vektoria_Release64.lib(Hardware.obj) : warning LNK4099: PDB "vc120.pdb" wurde nicht mit "Vektoria_Release64.lib(Hardware.obj)" oder an "C:\Users\flori_000\Documents\Visual Studio 2013\Projects\Space-Riddle\SpaceRiddle\x64\Release\vc120.pdb" gefunden; Objekt wird verknüpft, als ob keine Debuginformationen vorhanden wären.
     1>Vektoria_Release64.lib(GeoSweep.obj) : warning LNK4099: PDB "vc120.pdb" wurde nicht mit "Vektoria_Release64.lib(GeoSweep.obj)" oder an "C:\Users\flori_000\Documents\Visual Studio 2013\Projects\Space-Riddle\SpaceRiddle\x64\Release\vc120.pdb" gefunden; Objekt wird verknüpft, als ob keine Debuginformationen vorhanden wären.
     1>Vektoria_Release64.lib(GeoQuad.obj) : warning LNK4099: PDB "vc120.pdb" wurde nicht mit "Vektoria_Release64.lib(GeoQuad.obj)" oder an "C:\Users\flori_000\Documents\Visual Studio 2013\Projects\Space-Riddle\SpaceRiddle\x64\Release\vc120.pdb" gefunden; Objekt wird verknüpft, als ob keine Debuginformationen vorhanden wären.
     1>Vektoria_Release64.lib(Vertexs.obj) : warning LNK4099: PDB "vc120.pdb" wurde nicht mit "Vektoria_Release64.lib(Vertexs.obj)" oder an "C:\Users\flori_000\Documents\Visual Studio 2013\Projects\Space-Riddle\SpaceRiddle\x64\Release\vc120.pdb" gefunden; Objekt wird verknüpft, als ob keine Debuginformationen vorhanden wären.
     1>Vektoria_Release64.lib(Geos.obj) : warning LNK4099: PDB "vc120.pdb" wurde nicht mit "Vektoria_Release64.lib(Geos.obj)" oder an "C:\Users\flori_000\Documents\Visual Studio 2013\Projects\Space-Riddle\SpaceRiddle\x64\Release\vc120.pdb" gefunden; Objekt wird verknüpft, als ob keine Debuginformationen vorhanden wären.
     1>Vektoria_Release64.lib(Texture.obj) : warning LNK4099: PDB "vc120.pdb" wurde nicht mit "Vektoria_Release64.lib(Texture.obj)" oder an "C:\Users\flori_000\Documents\Visual Studio 2013\Projects\Space-Riddle\SpaceRiddle\x64\Release\vc120.pdb" gefunden; Objekt wird verknüpft, als ob keine Debuginformationen vorhanden wären.
     1>Vektoria_Release64.lib(DeviceCursor.obj) : warning LNK4099: PDB "vc120.pdb" wurde nicht mit "Vektoria_Release64.lib(DeviceCursor.obj)" oder an "C:\Users\flori_000\Documents\Visual Studio 2013\Projects\Space-Riddle\SpaceRiddle\x64\Release\vc120.pdb" gefunden; Objekt wird verknüpft, als ob keine Debuginformationen vorhanden wären.
     1>Vektoria_Release64.lib(ApiRender.obj) : warning LNK4099: PDB "vc120.pdb" wurde nicht mit "Vektoria_Release64.lib(ApiRender.obj)" oder an "C:\Users\flori_000\Documents\Visual Studio 2013\Projects\Space-Riddle\SpaceRiddle\x64\Release\vc120.pdb" gefunden; Objekt wird verknüpft, als ob keine Debuginformationen vorhanden wären.
     1>Vektoria_Release64.lib(Cameras.obj) : warning LNK4099: PDB "vc120.pdb" wurde nicht mit "Vektoria_Release64.lib(Cameras.obj)" oder an "C:\Users\flori_000\Documents\Visual Studio 2013\Projects\Space-Riddle\SpaceRiddle\x64\Release\vc120.pdb" gefunden; Objekt wird verknüpft, als ob keine Debuginformationen vorhanden wären.
     1>Vektoria_Release64.lib(Emitters.obj) : warning LNK4099: PDB "vc120.pdb" wurde nicht mit "Vektoria_Release64.lib(Emitters.obj)" oder an "C:\Users\flori_000\Documents\Visual Studio 2013\Projects\Space-Riddle\SpaceRiddle\x64\Release\vc120.pdb" gefunden; Objekt wird verknüpft, als ob keine Debuginformationen vorhanden wären.
     1>Vektoria_Release64.lib(GeoTriangleList.obj) : warning LNK4099: PDB "vc120.pdb" wurde nicht mit "Vektoria_Release64.lib(GeoTriangleList.obj)" oder an "C:\Users\flori_000\Documents\Visual Studio 2013\Projects\Space-Riddle\SpaceRiddle\x64\Release\vc120.pdb" gefunden; Objekt wird verknüpft, als ob keine Debuginformationen vorhanden wären.
     1>Vektoria_Release64.lib(GeoPointList.obj) : warning LNK4099: PDB "vc120.pdb" wurde nicht mit "Vektoria_Release64.lib(GeoPointList.obj)" oder an "C:\Users\flori_000\Documents\Visual Studio 2013\Projects\Space-Riddle\SpaceRiddle\x64\Release\vc120.pdb" gefunden; Objekt wird verknüpft, als ob keine Debuginformationen vorhanden wären.
     1>Vektoria_Release64.lib(LightRadials.obj) : warning LNK4099: PDB "vc120.pdb" wurde nicht mit "Vektoria_Release64.lib(LightRadials.obj)" oder an "C:\Users\flori_000\Documents\Visual Studio 2013\Projects\Space-Riddle\SpaceRiddle\x64\Release\vc120.pdb" gefunden; Objekt wird verknüpft, als ob keine Debuginformationen vorhanden wären.
     1>Vektoria_Release64.lib(Wribels.obj) : warning LNK4099: PDB "vc120.pdb" wurde nicht mit "Vektoria_Release64.lib(Wribels.obj)" oder an "C:\Users\flori_000\Documents\Visual Studio 2013\Projects\Space-Riddle\SpaceRiddle\x64\Release\vc120.pdb" gefunden; Objekt wird verknüpft, als ob keine Debuginformationen vorhanden wären.
     1>Vektoria_Release64.lib(GeoLineList.obj) : warning LNK4099: PDB "vc120.pdb" wurde nicht mit "Vektoria_Release64.lib(GeoLineList.obj)" oder an "C:\Users\flori_000\Documents\Visual Studio 2013\Projects\Space-Riddle\SpaceRiddle\x64\Release\vc120.pdb" gefunden; Objekt wird verknüpft, als ob keine Debuginformationen vorhanden wären.
     1>Vektoria_Release64.lib(GeoTriangleLists.obj) : warning LNK4099: PDB "vc120.pdb" wurde nicht mit "Vektoria_Release64.lib(GeoTriangleLists.obj)" oder an "C:\Users\flori_000\Documents\Visual Studio 2013\Projects\Space-Riddle\SpaceRiddle\x64\Release\vc120.pdb" gefunden; Objekt wird verknüpft, als ob keine Debuginformationen vorhanden wären.
     1>Vektoria_Release64.lib(GeoWing.obj) : warning LNK4099: PDB "vc120.pdb" wurde nicht mit "Vektoria_Release64.lib(GeoWing.obj)" oder an "C:\Users\flori_000\Documents\Visual Studio 2013\Projects\Space-Riddle\SpaceRiddle\x64\Release\vc120.pdb" gefunden; Objekt wird verknüpft, als ob keine Debuginformationen vorhanden wären.
     1>Vektoria_Release64.lib(GeoTriangleTable.obj) : warning LNK4099: PDB "vc120.pdb" wurde nicht mit "Vektoria_Release64.lib(GeoTriangleTable.obj)" oder an "C:\Users\flori_000\Documents\Visual Studio 2013\Projects\Space-Riddle\SpaceRiddle\x64\Release\vc120.pdb" gefunden; Objekt wird verknüpft, als ob keine Debuginformationen vorhanden wären.
     1>Vektoria_Release64.lib(GeoWindow.obj) : warning LNK4099: PDB "vc120.pdb" wurde nicht mit "Vektoria_Release64.lib(GeoWindow.obj)" oder an "C:\Users\flori_000\Documents\Visual Studio 2013\Projects\Space-Riddle\SpaceRiddle\x64\Release\vc120.pdb" gefunden; Objekt wird verknüpft, als ob keine Debuginformationen vorhanden wären.
     1>Vektoria_Release64.lib(Audios.obj) : warning LNK4099: PDB "vc120.pdb" wurde nicht mit "Vektoria_Release64.lib(Audios.obj)" oder an "C:\Users\flori_000\Documents\Visual Studio 2013\Projects\Space-Riddle\SpaceRiddle\x64\Release\vc120.pdb" gefunden; Objekt wird verknüpft, als ob keine Debuginformationen vorhanden wären.
     1>Vektoria_Release64.lib(LightSpots.obj) : warning LNK4099: PDB "vc120.pdb" wurde nicht mit "Vektoria_Release64.lib(LightSpots.obj)" oder an "C:\Users\flori_000\Documents\Visual Studio 2013\Projects\Space-Riddle\SpaceRiddle\x64\Release\vc120.pdb" gefunden; Objekt wird verknüpft, als ob keine Debuginformationen vorhanden wären.
     1>Vektoria_Release64.lib(Vertex.obj) : warning LNK4099: PDB "vc120.pdb" wurde nicht mit "Vektoria_Release64.lib(Vertex.obj)" oder an "C:\Users\flori_000\Documents\Visual Studio 2013\Projects\Space-Riddle\SpaceRiddle\x64\Release\vc120.pdb" gefunden; Objekt wird verknüpft, als ob keine Debuginformationen vorhanden wären.
     1>Vektoria_Release64.lib(LightParallels.obj) : warning LNK4099: PDB "vc120.pdb" wurde nicht mit "Vektoria_Release64.lib(LightParallels.obj)" oder an "C:\Users\flori_000\Documents\Visual Studio 2013\Projects\Space-Riddle\SpaceRiddle\x64\Release\vc120.pdb" gefunden; Objekt wird verknüpft, als ob keine Debuginformationen vorhanden wären.
     1>Vektoria_Release64.lib(WritingChars.obj) : warning LNK4099: PDB "vc120.pdb" wurde nicht mit "Vektoria_Release64.lib(WritingChars.obj)" oder an "C:\Users\flori_000\Documents\Visual Studio 2013\Projects\Space-Riddle\SpaceRiddle\x64\Release\vc120.pdb" gefunden; Objekt wird verknüpft, als ob keine Debuginformationen vorhanden wären.
     1>Vektoria_Release64.lib(HitPoint.obj) : warning LNK4099: PDB "vc120.pdb" wurde nicht mit "Vektoria_Release64.lib(HitPoint.obj)" oder an "C:\Users\flori_000\Documents\Visual Studio 2013\Projects\Space-Riddle\SpaceRiddle\x64\Release\vc120.pdb" gefunden; Objekt wird verknüpft, als ob keine Debuginformationen vorhanden wären.
     1>Vektoria_Release64.lib(Physical.obj) : warning LNK4099: PDB "vc120.pdb" wurde nicht mit "Vektoria_Release64.lib(Physical.obj)" oder an "C:\Users\flori_000\Documents\Visual Studio 2013\Projects\Space-Riddle\SpaceRiddle\x64\Release\vc120.pdb" gefunden; Objekt wird verknüpft, als ob keine Debuginformationen vorhanden wären.
     1>Vektoria_Release64.lib(HitPoints.obj) : warning LNK4099: PDB "vc120.pdb" wurde nicht mit "Vektoria_Release64.lib(HitPoints.obj)" oder an "C:\Users\flori_000\Documents\Visual Studio 2013\Projects\Space-Riddle\SpaceRiddle\x64\Release\vc120.pdb" gefunden; Objekt wird verknüpft, als ob keine Debuginformationen vorhanden wären.
     1>Vektoria_Release64.lib(Emitter.obj) : warning LNK4099: PDB "vc120.pdb" wurde nicht mit "Vektoria_Release64.lib(Emitter.obj)" oder an "C:\Users\flori_000\Documents\Visual Studio 2013\Projects\Space-Riddle\SpaceRiddle\x64\Release\vc120.pdb" gefunden; Objekt wird verknüpft, als ob keine Debuginformationen vorhanden wären.
     1>Vektoria_Release64.lib(LightRadial.obj) : warning LNK4099: PDB "vc120.pdb" wurde nicht mit "Vektoria_Release64.lib(LightRadial.obj)" oder an "C:\Users\flori_000\Documents\Visual Studio 2013\Projects\Space-Riddle\SpaceRiddle\x64\Release\vc120.pdb" gefunden; Objekt wird verknüpft, als ob keine Debuginformationen vorhanden wären.
     1>Vektoria_Release64.lib(Wribel.obj) : warning LNK4099: PDB "vc120.pdb" wurde nicht mit "Vektoria_Release64.lib(Wribel.obj)" oder an "C:\Users\flori_000\Documents\Visual Studio 2013\Projects\Space-Riddle\SpaceRiddle\x64\Release\vc120.pdb" gefunden; Objekt wird verknüpft, als ob keine Debuginformationen vorhanden wären.
     1>Vektoria_Release64.lib(GeoWalls.obj) : warning LNK4099: PDB "vc120.pdb" wurde nicht mit "Vektoria_Release64.lib(GeoWalls.obj)" oder an "C:\Users\flori_000\Documents\Visual Studio 2013\Projects\Space-Riddle\SpaceRiddle\x64\Release\vc120.pdb" gefunden; Objekt wird verknüpft, als ob keine Debuginformationen vorhanden wären.
     1>Vektoria_Release64.lib(GeoWindows.obj) : warning LNK4099: PDB "vc120.pdb" wurde nicht mit "Vektoria_Release64.lib(GeoWindows.obj)" oder an "C:\Users\flori_000\Documents\Visual Studio 2013\Projects\Space-Riddle\SpaceRiddle\x64\Release\vc120.pdb" gefunden; Objekt wird verknüpft, als ob keine Debuginformationen vorhanden wären.
     1>Vektoria_Release64.lib(GeoWings.obj) : warning LNK4099: PDB "vc120.pdb" wurde nicht mit "Vektoria_Release64.lib(GeoWings.obj)" oder an "C:\Users\flori_000\Documents\Visual Studio 2013\Projects\Space-Riddle\SpaceRiddle\x64\Release\vc120.pdb" gefunden; Objekt wird verknüpft, als ob keine Debuginformationen vorhanden wären.
     1>Vektoria_Release64.lib(GeoWall.obj) : warning LNK4099: PDB "vc120.pdb" wurde nicht mit "Vektoria_Release64.lib(GeoWall.obj)" oder an "C:\Users\flori_000\Documents\Visual Studio 2013\Projects\Space-Riddle\SpaceRiddle\x64\Release\vc120.pdb" gefunden; Objekt wird verknüpft, als ob keine Debuginformationen vorhanden wären.
     1>Vektoria_Release64.lib(GeoCylinder.obj) : warning LNK4099: PDB "vc120.pdb" wurde nicht mit "Vektoria_Release64.lib(GeoCylinder.obj)" oder an "C:\Users\flori_000\Documents\Visual Studio 2013\Projects\Space-Riddle\SpaceRiddle\x64\Release\vc120.pdb" gefunden; Objekt wird verknüpft, als ob keine Debuginformationen vorhanden wären.
     1>Vektoria_Release64.lib(Audio.obj) : warning LNK4099: PDB "vc120.pdb" wurde nicht mit "Vektoria_Release64.lib(Audio.obj)" oder an "C:\Users\flori_000\Documents\Visual Studio 2013\Projects\Space-Riddle\SpaceRiddle\x64\Release\vc120.pdb" gefunden; Objekt wird verknüpft, als ob keine Debuginformationen vorhanden wären.
     1>Vektoria_Release64.lib(LightSpot.obj) : warning LNK4099: PDB "vc120.pdb" wurde nicht mit "Vektoria_Release64.lib(LightSpot.obj)" oder an "C:\Users\flori_000\Documents\Visual Studio 2013\Projects\Space-Riddle\SpaceRiddle\x64\Release\vc120.pdb" gefunden; Objekt wird verknüpft, als ob keine Debuginformationen vorhanden wären.
     1>VektoriaMath_Release64.lib(FloatRect.obj) : warning LNK4099: PDB "vc120.pdb" wurde nicht mit "VektoriaMath_Release64.lib(FloatRect.obj)" oder an "C:\Users\flori_000\Documents\Visual Studio 2013\Projects\Space-Riddle\SpaceRiddle\x64\Release\vc120.pdb" gefunden; Objekt wird verknüpft, als ob keine Debuginformationen vorhanden wären.
     1>VektoriaMath_Release64.lib(HVector.obj) : warning LNK4099: PDB "vc120.pdb" wurde nicht mit "VektoriaMath_Release64.lib(HVector.obj)" oder an "C:\Users\flori_000\Documents\Visual Studio 2013\Projects\Space-Riddle\SpaceRiddle\x64\Release\vc120.pdb" gefunden; Objekt wird verknüpft, als ob keine Debuginformationen vorhanden wären.
     1>VektoriaMath_Release64.lib(Color.obj) : warning LNK4099: PDB "vc120.pdb" wurde nicht mit "VektoriaMath_Release64.lib(Color.obj)" oder an "C:\Users\flori_000\Documents\Visual Studio 2013\Projects\Space-Riddle\SpaceRiddle\x64\Release\vc120.pdb" gefunden; Objekt wird verknüpft, als ob keine Debuginformationen vorhanden wären.
     1>VektoriaMath_Release64.lib(HMat.obj) : warning LNK4099: PDB "vc120.pdb" wurde nicht mit "VektoriaMath_Release64.lib(HMat.obj)" oder an "C:\Users\flori_000\Documents\Visual Studio 2013\Projects\Space-Riddle\SpaceRiddle\x64\Release\vc120.pdb" gefunden; Objekt wird verknüpft, als ob keine Debuginformationen vorhanden wären.
     1>VektoriaMath_Release64.lib(HMats.obj) : warning LNK4099: PDB "vc120.pdb" wurde nicht mit "VektoriaMath_Release64.lib(HMats.obj)" oder an "C:\Users\flori_000\Documents\Visual Studio 2013\Projects\Space-Riddle\SpaceRiddle\x64\Release\vc120.pdb" gefunden; Objekt wird verknüpft, als ob keine Debuginformationen vorhanden wären.
     1>VektoriaMath_Release64.lib(Frustum.obj) : warning LNK4099: PDB "vc120.pdb" wurde nicht mit "VektoriaMath_Release64.lib(Frustum.obj)" oder an "C:\Users\flori_000\Documents\Visual Studio 2013\Projects\Space-Riddle\SpaceRiddle\x64\Release\vc120.pdb" gefunden; Objekt wird verknüpft, als ob keine Debuginformationen vorhanden wären.
     1>VektoriaMath_Release64.lib(Ray.obj) : warning LNK4099: PDB "vc120.pdb" wurde nicht mit "VektoriaMath_Release64.lib(Ray.obj)" oder an "C:\Users\flori_000\Documents\Visual Studio 2013\Projects\Space-Riddle\SpaceRiddle\x64\Release\vc120.pdb" gefunden; Objekt wird verknüpft, als ob keine Debuginformationen vorhanden wären.
     1>VektoriaMath_Release64.lib(AABB.obj) : warning LNK4099: PDB "vc120.pdb" wurde nicht mit "VektoriaMath_Release64.lib(AABB.obj)" oder an "C:\Users\flori_000\Documents\Visual Studio 2013\Projects\Space-Riddle\SpaceRiddle\x64\Release\vc120.pdb" gefunden; Objekt wird verknüpft, als ob keine Debuginformationen vorhanden wären.
     1>VektoriaMath_Release64.lib(Quaternion.obj) : warning LNK4099: PDB "vc120.pdb" wurde nicht mit "VektoriaMath_Release64.lib(Quaternion.obj)" oder an "C:\Users\flori_000\Documents\Visual Studio 2013\Projects\Space-Riddle\SpaceRiddle\x64\Release\vc120.pdb" gefunden; Objekt wird verknüpft, als ob keine Debuginformationen vorhanden wären.
     1>VektoriaMath_Release64.lib(HVectors.obj) : warning LNK4099: PDB "vc120.pdb" wurde nicht mit "VektoriaMath_Release64.lib(HVectors.obj)" oder an "C:\Users\flori_000\Documents\Visual Studio 2013\Projects\Space-Riddle\SpaceRiddle\x64\Release\vc120.pdb" gefunden; Objekt wird verknüpft, als ob keine Debuginformationen vorhanden wären.
     1>VektoriaMath_Release64.lib(Plane.obj) : warning LNK4099: PDB "vc120.pdb" wurde nicht mit "VektoriaMath_Release64.lib(Plane.obj)" oder an "C:\Users\flori_000\Documents\Visual Studio 2013\Projects\Space-Riddle\SpaceRiddle\x64\Release\vc120.pdb" gefunden; Objekt wird verknüpft, als ob keine Debuginformationen vorhanden wären.
     1>VektoriaMath_Release64.lib(stdafx.obj) : warning LNK4099: PDB "vc120.pdb" wurde nicht mit "VektoriaMath_Release64.lib(stdafx.obj)" oder an "C:\Users\flori_000\Documents\Visual Studio 2013\Projects\Space-Riddle\SpaceRiddle\x64\Release\vc120.pdb" gefunden; Objekt wird verknüpft, als ob keine Debuginformationen vorhanden wären.
     1>ApiNullRenderer_Release64.lib(NullRenderer.obj) : warning LNK4099: PDB "vc120.pdb" wurde nicht mit "ApiNullRenderer_Release64.lib(NullRenderer.obj)" oder an "C:\Users\flori_000\Documents\Visual Studio 2013\Projects\Space-Riddle\SpaceRiddle\x64\Release\vc120.pdb" gefunden; Objekt wird verknüpft, als ob keine Debuginformationen vorhanden wären.
     1>ApiNullRenderer_Release64.lib(stdafx.obj) : warning LNK4099: PDB "vc120.pdb" wurde nicht mit "ApiNullRenderer_Release64.lib(stdafx.obj)" oder an "C:\Users\flori_000\Documents\Visual Studio 2013\Projects\Space-Riddle\SpaceRiddle\x64\Release\vc120.pdb" gefunden; Objekt wird verknüpft, als ob keine Debuginformationen vorhanden wären.
     1>ApiDirectX11Basic_Release64.lib(DirectX11Basic.obj) : warning LNK4099: PDB "vc120.pdb" wurde nicht mit "ApiDirectX11Basic_Release64.lib(DirectX11Basic.obj)" oder an "C:\Users\flori_000\Documents\Visual Studio 2013\Projects\Space-Riddle\SpaceRiddle\x64\Release\vc120.pdb" gefunden; Objekt wird verknüpft, als ob keine Debuginformationen vorhanden wären.
     1>ApiDirectInput08_Release64.lib(DIKeyboard.obj) : warning LNK4099: PDB "vc120.pdb" wurde nicht mit "ApiDirectInput08_Release64.lib(DIKeyboard.obj)" oder an "C:\Users\flori_000\Documents\Visual Studio 2013\Projects\Space-Riddle\SpaceRiddle\x64\Release\vc120.pdb" gefunden; Objekt wird verknüpft, als ob keine Debuginformationen vorhanden wären.
     1>ApiDirectInput08_Release64.lib(Device.obj) : warning LNK4099: PDB "vc120.pdb" wurde nicht mit "ApiDirectInput08_Release64.lib(Device.obj)" oder an "C:\Users\flori_000\Documents\Visual Studio 2013\Projects\Space-Riddle\SpaceRiddle\x64\Release\vc120.pdb" gefunden; Objekt wird verknüpft, als ob keine Debuginformationen vorhanden wären.
     1>ApiDirectInput08_Release64.lib(DIMouse.obj) : warning LNK4099: PDB "vc120.pdb" wurde nicht mit "ApiDirectInput08_Release64.lib(DIMouse.obj)" oder an "C:\Users\flori_000\Documents\Visual Studio 2013\Projects\Space-Riddle\SpaceRiddle\x64\Release\vc120.pdb" gefunden; Objekt wird verknüpft, als ob keine Debuginformationen vorhanden wären.
     1>ApiDirectInput08_Release64.lib(DIGameController.obj) : warning LNK4099: PDB "vc120.pdb" wurde nicht mit "ApiDirectInput08_Release64.lib(DIGameController.obj)" oder an "C:\Users\flori_000\Documents\Visual Studio 2013\Projects\Space-Riddle\SpaceRiddle\x64\Release\vc120.pdb" gefunden; Objekt wird verknüpft, als ob keine Debuginformationen vorhanden wären.
     1>ApiDirectInput08_Release64.lib(stdafx.obj) : warning LNK4099: PDB "vc120.pdb" wurde nicht mit "ApiDirectInput08_Release64.lib(stdafx.obj)" oder an "C:\Users\flori_000\Documents\Visual Studio 2013\Projects\Space-Riddle\SpaceRiddle\x64\Release\vc120.pdb" gefunden; Objekt wird verknüpft, als ob keine Debuginformationen vorhanden wären.
     1>ApiDirectInput08_Release64.lib(DIDevice.obj) : warning LNK4099: PDB "vc120.pdb" wurde nicht mit "ApiDirectInput08_Release64.lib(DIDevice.obj)" oder an "C:\Users\flori_000\Documents\Visual Studio 2013\Projects\Space-Riddle\SpaceRiddle\x64\Release\vc120.pdb" gefunden; Objekt wird verknüpft, als ob keine Debuginformationen vorhanden wären.
     1>ApiDirectInput08_Release64.lib(DIFoundControllers.obj) : warning LNK4099: PDB "vc120.pdb" wurde nicht mit "ApiDirectInput08_Release64.lib(DIFoundControllers.obj)" oder an "C:\Users\flori_000\Documents\Visual Studio 2013\Projects\Space-Riddle\SpaceRiddle\x64\Release\vc120.pdb" gefunden; Objekt wird verknüpft, als ob keine Debuginformationen vorhanden wären.
     1>ApiDirectInput08_Release64.lib(DIGameControllers.obj) : warning LNK4099: PDB "vc120.pdb" wurde nicht mit "ApiDirectInput08_Release64.lib(DIGameControllers.obj)" oder an "C:\Users\flori_000\Documents\Visual Studio 2013\Projects\Space-Riddle\SpaceRiddle\x64\Release\vc120.pdb" gefunden; Objekt wird verknüpft, als ob keine Debuginformationen vorhanden wären.
     1>ApiDirectInput08_Release64.lib(DIFoundController.obj) : warning LNK4099: PDB "vc120.pdb" wurde nicht mit "ApiDirectInput08_Release64.lib(DIFoundController.obj)" oder an "C:\Users\flori_000\Documents\Visual Studio 2013\Projects\Space-Riddle\SpaceRiddle\x64\Release\vc120.pdb" gefunden; Objekt wird verknüpft, als ob keine Debuginformationen vorhanden wären.
     1>ApiDirectX11FP_Release64.lib(DirectX11FP.obj) : warning LNK4099: PDB "vc120.pdb" wurde nicht mit "ApiDirectX11FP_Release64.lib(DirectX11FP.obj)" oder an "C:\Users\flori_000\Documents\Visual Studio 2013\Projects\Space-Riddle\SpaceRiddle\x64\Release\vc120.pdb" gefunden; Objekt wird verknüpft, als ob keine Debuginformationen vorhanden wären.
     1>ApiDirectX11FP_Release64.lib(LightUtil.obj) : warning LNK4099: PDB "vc120.pdb" wurde nicht mit "ApiDirectX11FP_Release64.lib(LightUtil.obj)" oder an "C:\Users\flori_000\Documents\Visual Studio 2013\Projects\Space-Riddle\SpaceRiddle\x64\Release\vc120.pdb" gefunden; Objekt wird verknüpft, als ob keine Debuginformationen vorhanden wären.
     1>ApiDirectX11FP_Release64.lib(ForwardPlusRenderer.obj) : warning LNK4099: PDB "vc120.pdb" wurde nicht mit "ApiDirectX11FP_Release64.lib(ForwardPlusRenderer.obj)" oder an "C:\Users\flori_000\Documents\Visual Studio 2013\Projects\Space-Riddle\SpaceRiddle\x64\Release\vc120.pdb" gefunden; Objekt wird verknüpft, als ob keine Debuginformationen vorhanden wären.
     1>ApiDirectX11FP_Release64.lib(RSMRenderer.obj) : warning LNK4099: PDB "vc120.pdb" wurde nicht mit "ApiDirectX11FP_Release64.lib(RSMRenderer.obj)" oder an "C:\Users\flori_000\Documents\Visual Studio 2013\Projects\Space-Riddle\SpaceRiddle\x64\Release\vc120.pdb" gefunden; Objekt wird verknüpft, als ob keine Debuginformationen vorhanden wären.
     1>ApiDirectX11FP_Release64.lib(PostProcessor.obj) : warning LNK4099: PDB "vc120.pdb" wurde nicht mit "ApiDirectX11FP_Release64.lib(PostProcessor.obj)" oder an "C:\Users\flori_000\Documents\Visual Studio 2013\Projects\Space-Riddle\SpaceRiddle\x64\Release\vc120.pdb" gefunden; Objekt wird verknüpft, als ob keine Debuginformationen vorhanden wären.
     1>ApiDirectX11FP_Release64.lib(GeometryUtil.obj) : warning LNK4099: PDB "vc120.pdb" wurde nicht mit "ApiDirectX11FP_Release64.lib(GeometryUtil.obj)" oder an "C:\Users\flori_000\Documents\Visual Studio 2013\Projects\Space-Riddle\SpaceRiddle\x64\Release\vc120.pdb" gefunden; Objekt wird verknüpft, als ob keine Debuginformationen vorhanden wären.
     1>ApiDirectX11FP_Release64.lib(MaterialUtil.obj) : warning LNK4099: PDB "vc120.pdb" wurde nicht mit "ApiDirectX11FP_Release64.lib(MaterialUtil.obj)" oder an "C:\Users\flori_000\Documents\Visual Studio 2013\Projects\Space-Riddle\SpaceRiddle\x64\Release\vc120.pdb" gefunden; Objekt wird verknüpft, als ob keine Debuginformationen vorhanden wären.
     1>ApiDirectX11FP_Release64.lib(ShadowRenderer.obj) : warning LNK4099: PDB "vc120.pdb" wurde nicht mit "ApiDirectX11FP_Release64.lib(ShadowRenderer.obj)" oder an "C:\Users\flori_000\Documents\Visual Studio 2013\Projects\Space-Riddle\SpaceRiddle\x64\Release\vc120.pdb" gefunden; Objekt wird verknüpft, als ob keine Debuginformationen vorhanden wären.
     1>ApiDirectX11FP_Release64.lib(SpriteRenderer.obj) : warning LNK4099: PDB "vc120.pdb" wurde nicht mit "ApiDirectX11FP_Release64.lib(SpriteRenderer.obj)" oder an "C:\Users\flori_000\Documents\Visual Studio 2013\Projects\Space-Riddle\SpaceRiddle\x64\Release\vc120.pdb" gefunden; Objekt wird verknüpft, als ob keine Debuginformationen vorhanden wären.
     1>ApiDirectX11FP_Release64.lib(PostLuma.obj) : warning LNK4099: PDB "vc120.pdb" wurde nicht mit "ApiDirectX11FP_Release64.lib(PostLuma.obj)" oder an "C:\Users\flori_000\Documents\Visual Studio 2013\Projects\Space-Riddle\SpaceRiddle\x64\Release\vc120.pdb" gefunden; Objekt wird verknüpft, als ob keine Debuginformationen vorhanden wären.
     1>ApiDirectX11FP_Release64.lib(PostBloom.obj) : warning LNK4099: PDB "vc120.pdb" wurde nicht mit "ApiDirectX11FP_Release64.lib(PostBloom.obj)" oder an "C:\Users\flori_000\Documents\Visual Studio 2013\Projects\Space-Riddle\SpaceRiddle\x64\Release\vc120.pdb" gefunden; Objekt wird verknüpft, als ob keine Debuginformationen vorhanden wären.
     1>ApiDirectX11FP_Release64.lib(PostDoF.obj) : warning LNK4099: PDB "vc120.pdb" wurde nicht mit "ApiDirectX11FP_Release64.lib(PostDoF.obj)" oder an "C:\Users\flori_000\Documents\Visual Studio 2013\Projects\Space-Riddle\SpaceRiddle\x64\Release\vc120.pdb" gefunden; Objekt wird verknüpft, als ob keine Debuginformationen vorhanden wären.
     1>ApiDirectX11FP_Release64.lib(PostGodRays.obj) : warning LNK4099: PDB "vc120.pdb" wurde nicht mit "ApiDirectX11FP_Release64.lib(PostGodRays.obj)" oder an "C:\Users\flori_000\Documents\Visual Studio 2013\Projects\Space-Riddle\SpaceRiddle\x64\Release\vc120.pdb" gefunden; Objekt wird verknüpft, als ob keine Debuginformationen vorhanden wären.
     1>ApiOpenGL40_Release64.lib(OpenGL40.obj) : warning LNK4099: PDB "vc120.pdb" wurde nicht mit "ApiOpenGL40_Release64.lib(OpenGL40.obj)" oder an "C:\Users\flori_000\Documents\Visual Studio 2013\Projects\Space-Riddle\SpaceRiddle\x64\Release\vc120.pdb" gefunden; Objekt wird verknüpft, als ob keine Debuginformationen vorhanden wären.
     1>ApiOpenGL40_Release64.lib(stdafx.obj) : warning LNK4099: PDB "vc120.pdb" wurde nicht mit "ApiOpenGL40_Release64.lib(stdafx.obj)" oder an "C:\Users\flori_000\Documents\Visual Studio 2013\Projects\Space-Riddle\SpaceRiddle\x64\Release\vc120.pdb" gefunden; Objekt wird verknüpft, als ob keine Debuginformationen vorhanden wären.
     1>ApiNullSound_Release64.lib(NullSound.obj) : warning LNK4099: PDB "vc120.pdb" wurde nicht mit "ApiNullSound_Release64.lib(NullSound.obj)" oder an "C:\Users\flori_000\Documents\Visual Studio 2013\Projects\Space-Riddle\SpaceRiddle\x64\Release\vc120.pdb" gefunden; Objekt wird verknüpft, als ob keine Debuginformationen vorhanden wären.
     1>ApiNullSound_Release64.lib(stdafx.obj) : warning LNK4099: PDB "vc120.pdb" wurde nicht mit "ApiNullSound_Release64.lib(stdafx.obj)" oder an "C:\Users\flori_000\Documents\Visual Studio 2013\Projects\Space-Riddle\SpaceRiddle\x64\Release\vc120.pdb" gefunden; Objekt wird verknüpft, als ob keine Debuginformationen vorhanden wären.
     1>ApiDirectSound_Release64.lib(DirectSound.obj) : warning LNK4099: PDB "vc120.pdb" wurde nicht mit "ApiDirectSound_Release64.lib(DirectSound.obj)" oder an "C:\Users\flori_000\Documents\Visual Studio 2013\Projects\Space-Riddle\SpaceRiddle\x64\Release\vc120.pdb" gefunden; Objekt wird verknüpft, als ob keine Debuginformationen vorhanden wären.
     1>ApiDirectSound_Release64.lib(stdafx.obj) : warning LNK4099: PDB "vc120.pdb" wurde nicht mit "ApiDirectSound_Release64.lib(stdafx.obj)" oder an "C:\Users\flori_000\Documents\Visual Studio 2013\Projects\Space-Riddle\SpaceRiddle\x64\Release\vc120.pdb" gefunden; Objekt wird verknüpft, als ob keine Debuginformationen vorhanden wären.
     1>ApiRenderDistributed_Release64.lib(RenderDistributed.obj) : warning LNK4099: PDB "vc120.pdb" wurde nicht mit "ApiRenderDistributed_Release64.lib(RenderDistributed.obj)" oder an "C:\Users\flori_000\Documents\Visual Studio 2013\Projects\Space-Riddle\SpaceRiddle\x64\Release\vc120.pdb" gefunden; Objekt wird verknüpft, als ob keine Debuginformationen vorhanden wären.
     1>ApiRenderDistributed_Release64.lib(NetworkUDPServer.obj) : warning LNK4099: PDB "vc120.pdb" wurde nicht mit "ApiRenderDistributed_Release64.lib(NetworkUDPServer.obj)" oder an "C:\Users\flori_000\Documents\Visual Studio 2013\Projects\Space-Riddle\SpaceRiddle\x64\Release\vc120.pdb" gefunden; Objekt wird verknüpft, als ob keine Debuginformationen vorhanden wären.
     1>ApiRenderDistributed_Release64.lib(NetworkBase.obj) : warning LNK4099: PDB "vc120.pdb" wurde nicht mit "ApiRenderDistributed_Release64.lib(NetworkBase.obj)" oder an "C:\Users\flori_000\Documents\Visual Studio 2013\Projects\Space-Riddle\SpaceRiddle\x64\Release\vc120.pdb" gefunden; Objekt wird verknüpft, als ob keine Debuginformationen vorhanden wären.
     1>Vektoria_Release64.lib(ApiSound.obj) : warning LNK4099: PDB "vc120.pdb" wurde nicht mit "Vektoria_Release64.lib(ApiSound.obj)" oder an "C:\Users\flori_000\Documents\Visual Studio 2013\Projects\Space-Riddle\SpaceRiddle\x64\Release\vc120.pdb" gefunden; Objekt wird verknüpft, als ob keine Debuginformationen vorhanden wären.
     1>ApiUtils_Release64.lib(Shadercache.obj) : warning LNK4099: PDB "vc120.pdb" wurde nicht mit "ApiUtils_Release64.lib(Shadercache.obj)" oder an "C:\Users\flori_000\Documents\Visual Studio 2013\Projects\Space-Riddle\SpaceRiddle\x64\Release\vc120.pdb" gefunden; Objekt wird verknüpft, als ob keine Debuginformationen vorhanden wären.
     1>ApiUtils_Release64.lib(DXUtilities.obj) : warning LNK4099: PDB "vc120.pdb" wurde nicht mit "ApiUtils_Release64.lib(DXUtilities.obj)" oder an "C:\Users\flori_000\Documents\Visual Studio 2013\Projects\Space-Riddle\SpaceRiddle\x64\Release\vc120.pdb" gefunden; Objekt wird verknüpft, als ob keine Debuginformationen vorhanden wären.
     1>ApiUtils_Release64.lib(DXBuffers.obj) : warning LNK4099: PDB "vc120.pdb" wurde nicht mit "ApiUtils_Release64.lib(DXBuffers.obj)" oder an "C:\Users\flori_000\Documents\Visual Studio 2013\Projects\Space-Riddle\SpaceRiddle\x64\Release\vc120.pdb" gefunden; Objekt wird verknüpft, als ob keine Debuginformationen vorhanden wären.
     1>ApiUtils_Release64.lib(DrawObjects.obj) : warning LNK4099: PDB "vc120.pdb" wurde nicht mit "ApiUtils_Release64.lib(DrawObjects.obj)" oder an "C:\Users\flori_000\Documents\Visual Studio 2013\Projects\Space-Riddle\SpaceRiddle\x64\Release\vc120.pdb" gefunden; Objekt wird verknüpft, als ob keine Debuginformationen vorhanden wären.
     1>ApiUtils_Release64.lib(DXBuffer.obj) : warning LNK4099: PDB "vc120.pdb" wurde nicht mit "ApiUtils_Release64.lib(DXBuffer.obj)" oder an "C:\Users\flori_000\Documents\Visual Studio 2013\Projects\Space-Riddle\SpaceRiddle\x64\Release\vc120.pdb" gefunden; Objekt wird verknüpft, als ob keine Debuginformationen vorhanden wären.
     1>ApiUtils_Release64.lib(DrawObject.obj) : warning LNK4099: PDB "vc120.pdb" wurde nicht mit "ApiUtils_Release64.lib(DrawObject.obj)" oder an "C:\Users\flori_000\Documents\Visual Studio 2013\Projects\Space-Riddle\SpaceRiddle\x64\Release\vc120.pdb" gefunden; Objekt wird verknüpft, als ob keine Debuginformationen vorhanden wären.
         VektoriaApp.vcxproj -> C:\Users\flori_000\Documents\Visual Studio 2013\Projects\Space-Riddle\SpaceRiddle\x64\Release\SpaceRiddle.exe
     1>Die Erstellung des Projekts "C:\Users\flori_000\Documents\Visual Studio 2013\Projects\Space-Riddle\SpaceRiddle\VektoriaApp\VektoriaApp.vcxproj" ist abgeschlossen, Build Ziel(e).

Build erfolgreich.

Verstrichene Zeit 00:00:07.95
